2025-10-28 02:01:19 |INF| app > Seanime 2.9.10-Natsu
2025-10-28 02:01:19 |INF| app > OS: linux
2025-10-28 02:01:19 |INF| app > Arch: amd64
2025-10-28 02:01:19 |INF| app > Processor count: 16
2025-10-28 02:01:19 |DBG| app > Initializing config
2025-10-28 02:01:19 |INF| app > Data directory: /home/nupi/.config/Seanime
2025-10-28 02:01:19 |INF| app > Working directory: /home/nupi/Seanime
2025-10-28 02:01:19 |INF| db > Database instantiated name=seanime.db
2025-10-28 02:01:19 |DBG| db > Local files retrieved
2025-10-28 02:01:19 |DBG| extensions > Loaded built-in manga provider extension id=comick
2025-10-28 02:01:19 |DBG| extensions > Loaded built-in extension id=comick
2025-10-28 02:01:19 |TRC| ws > Sending message type=extensions-reloaded
2025-10-28 02:01:19 |DBG| extensions > Loaded built-in manga provider extension id=comick-multi
2025-10-28 02:01:19 |DBG| extensions > Loaded built-in extension id=comick-multi
2025-10-28 02:01:19 |TRC| ws > Sending message type=extensions-reloaded
2025-10-28 02:01:19 |DBG| extensions > Loaded built-in manga provider extension id=mangapill
2025-10-28 02:01:19 |DBG| extensions > Loaded built-in extension id=mangapill
2025-10-28 02:01:19 |TRC| ws > Sending message type=extensions-reloaded
2025-10-28 02:01:19 |DBG| extensions > Loaded built-in manga provider extension id=weebcentral
2025-10-28 02:01:19 |DBG| extensions > Loaded built-in extension id=weebcentral
2025-10-28 02:01:19 |TRC| ws > Sending message type=extensions-reloaded
2025-10-28 02:01:19 |DBG| extensions > Loaded built-in manga provider extension id=mangadex
2025-10-28 02:01:19 |DBG| extensions > Loaded built-in extension id=mangadex
2025-10-28 02:01:19 |TRC| ws > Sending message type=extensions-reloaded
2025-10-28 02:01:19 |DBG| extensions > Loaded built-in manga provider extension id=local-manga
2025-10-28 02:01:19 |DBG| extensions > Loaded built-in extension id=local-manga
2025-10-28 02:01:19 |TRC| ws > Sending message type=extensions-reloaded
2025-10-28 02:01:19 |TRC| goja runtime > Pre-warming pool size=5
2025-10-28 02:01:19 |INF| local platform > Database instantiated name=local.db
2025-10-28 02:01:19 |DBG| extensions > Loaded built-in onlinestream provider extension id=animepahe
2025-10-28 02:01:19 |DBG| extensions > Loaded built-in extension id=animepahe
2025-10-28 02:01:19 |TRC| ws > Sending message type=extensions-reloaded
2025-10-28 02:01:19 |DBG| extensions > Loaded built-in anime torrent provider extension id=nyaa
2025-10-28 02:01:19 |DBG| extensions > Loaded built-in extension id=nyaa
2025-10-28 02:01:19 |TRC| ws > Sending message type=extensions-reloaded
2025-10-28 02:01:19 |INF| continuity > Initialized manager
2025-10-28 02:01:19 |DBG| extensions > Loaded built-in anime torrent provider extension id=nyaa-non-eng
2025-10-28 02:01:19 |DBG| extensions > Loaded built-in extension id=nyaa-non-eng
2025-10-28 02:01:19 |TRC| ws > Sending message type=extensions-reloaded
2025-10-28 02:01:19 |DBG| extensions > Loaded built-in anime torrent provider extension id=nyaa-sukebei
2025-10-28 02:01:19 |DBG| manga downloader > Reading download directory
2025-10-28 02:01:19 |DBG| extensions > Loaded built-in extension id=nyaa-sukebei
2025-10-28 02:01:19 |TRC| ws > Sending message type=extensions-reloaded
2025-10-28 02:01:19 |DBG| app > Refreshing modules
2025-10-28 02:01:19 |TRC| ws > Sending message type=refreshed-manga-download-data
2025-10-28 02:01:19 |DBG| extensions > Loaded built-in anime torrent provider extension id=animetosho
2025-10-28 02:01:19 |DBG| extensions > Loaded built-in extension id=animetosho
2025-10-28 02:01:19 |TRC| ws > Sending message type=extensions-reloaded
2025-10-28 02:01:19 |DBG| extensions > Loaded built-in anime torrent provider extension id=seadex
2025-10-28 02:01:19 |DBG| extensions > Loaded built-in extension id=seadex
2025-10-28 02:01:19 |TRC| ws > Sending message type=extensions-reloaded
2025-10-28 02:01:19 |TRC| extensions > Loading external extensions
2025-10-28 02:01:19 |TRC| extensions > Interrupting Goja VMs
2025-10-28 02:01:19 |DBG| extensions > Killed Goja VMs count=0
2025-10-28 02:01:19 |TRC| extensions > Unloading external extensions
2025-10-28 02:01:19 |DBG| extensions > Unloaded external extensions count=0
2025-10-28 02:01:19 |DBG| extensions > Loaded external extensions
2025-10-28 02:01:19 |TRC| ws > Sending message type=extensions-reloaded
2025-10-28 02:01:19 |TRC| extensions > Checking for updates
2025-10-28 02:01:19 |DBG| extensions > Retrieved update info haveUpdates=0
2025-10-28 02:01:19 |TRC| torrent repo > Setting settings
2025-10-28 02:01:19 |INF| discordrpc > Discord Rich Presence enabled
2025-10-28 02:01:19 |ERR| app > Failed to login to qBittorrent error="Post \"http://127.0.0.1:8080/api/v2/auth/login\": dial tcp 127.0.0.1:8080: connect: connection refused"
2025-10-28 02:01:19 |INF| watcher > Watching directories: [/home/nupi/Data/Anime Library]
2025-10-28 02:01:19 |INF| watcher > Library size: 92 GiB
2025-10-28 02:01:19 |DBG| discordrpc > RPC client initialized and event loop started
2025-10-28 02:01:19 |DBG| nakama > Settings updated isHost=false remoteURL= username=Peer_474c1wum
2025-10-28 02:01:19 |INF| app > Refreshed modules
2025-10-28 02:01:19 |DBG| manga > Initialized provider extension bank
2025-10-28 02:01:19 |DBG| onlinestream > Initialized provider extension bank
2025-10-28 02:01:19 |DBG| torrent repo > Initialized anime provider extension bank
2025-10-28 02:01:19 |DBG| app > Fetching Anilist data
2025-10-28 02:01:19 |INF| app > Authenticated to AniList
2025-10-28 02:01:19 |INF| app > Fetched Anilist data
2025-10-28 02:01:19 |DBG| anilist > Fetching anime collection
2025-10-28 02:01:19 |DBG| transcoder > Hardware acceleration: disabled
2025-10-28 02:01:19 |INF| transcoder > Initialized
2025-10-28 02:01:19 |INF| mediastream > Transcoder module initialized
2025-10-28 02:01:19 |INF| mediastream > Module initialized
2025-10-28 02:01:19 |INF| torrentstream > Initialized torrent client on port 43213
2025-10-28 02:01:19 |TRC| torrentstream > Dropping all torrents
2025-10-28 02:01:19 |DBG| torrentstream > Dropped all torrents
2025-10-28 02:01:19 |INF| torrentstream > Module initialized
2025-10-28 02:01:19 |INF| app > Serving embedded web interface
2025-10-28 02:01:19 |INF| app > Web assets path: /home/nupi/.config/Seanime/assets
2025-10-28 02:01:19 |INF| app > Manga downloads path: /home/nupi/.config/Seanime/manga
2025-10-28 02:01:19 |INF| app > Offline assets path: /home/nupi/.config/Seanime/offline/assets
2025-10-28 02:01:19 |INF| app > Server Address: 127.0.0.1:43211
2025-10-28 02:01:19 |INF| app > Seanime started at http://127.0.0.1:43211
2025-10-28 02:01:19 |TRC| ws > Sending message type=check-for-announcements
2025-10-28 02:01:19 |DBG| animetosho > Loaded Sneedex Nyaa IDs count=1460
2025-10-28 02:01:19 |INF| anilist > Successful Request rlr=29 rtt=871ms
2025-10-28 02:01:19 |TRC| ws > Sending message type=refreshed-anilist-anime-collection
2025-10-28 02:01:19 |TRC| ws > Sending message type=server-ready
2025-10-28 02:01:19 |DBG| anilist > Fetching manga collection
2025-10-28 02:01:20 |INF| anilist > Successful Request rlr=28 rtt=299ms
2025-10-28 02:01:20 |TRC| ws > Sending message type=refreshed-anilist-manga-collection
2025-10-28 02:01:31 |DBG| ws > Client connected id=2f55abbd-e0a9-46fe-8e78-a67b7cca64cc
2025-10-28 02:01:31 |TRC| method=GET status=200 uri=/api/v1/status latency_human=1.517963ms
2025-10-28 02:01:31 |TRC| method=GET status=200 uri=/api/v1/extensions/list latency_human="305.315µs"
2025-10-28 02:01:31 |TRC| method=GET status=200 uri=/api/v1/extensions/plugin-settings latency_human="325.555µs"
2025-10-28 02:01:31 |TRC| method=GET status=200 uri=/api/v1/extensions/list/development latency_human="18.31µs"
2025-10-28 02:01:31 |TRC| method=GET status=200 uri=/api/v1/extensions/updates latency_human="40.289µs"
2025-10-28 02:01:31 |TRC| method=GET status=200 uri=/api/v1/continuity/history latency_human="521.301µs"
2025-10-28 02:01:31 |TRC| method=POST status=200 uri=/api/v1/announcements latency_human="574.07µs"
2025-10-28 02:01:31 |TRC| method=GET status=200 uri=/api/v1/auto-downloader/items latency_human="220.526µs"
2025-10-28 02:01:31 |TRC| method=GET status=200 uri=/api/v1/library/missing-episodes latency_human="888.585µs"
2025-10-28 02:01:31 |TRC| method=GET status=200 uri=/api/v1/anilist/collection latency_human=1.503444ms
2025-10-28 02:01:31 |TRC| method=GET status=200 uri=/api/v1/manga/collection latency_human="331.234µs"
2025-10-28 02:01:31 |TRC| method=GET status=200 uri=/api/v1/latest-update latency_human=333.641129ms
2025-10-28 02:01:32 |TRC| method=GET status=200 uri=/api/v1/library/collection latency_human=420.206468ms
2025-10-28 02:01:32 |TRC| method=GET status=200 uri=/api/v1/continuity/history latency_human=8.496743ms
2025-10-28 02:01:40 |TRC| anilist platform > Fetching raw manga collection
2025-10-28 02:01:40 |TRC| anilist platform > Returning raw manga collection from cache
2025-10-28 02:01:40 |TRC| anilist platform > Fetching viewer stats
2025-10-28 02:01:40 |DBG| anilist > Fetching stats
2025-10-28 02:01:40 |TRC| method=GET status=200 uri=/api/v1/manga/anilist/collection/raw latency_human="413.153µs"
2025-10-28 02:01:40 |TRC| method=GET status=200 uri=/api/v1/anilist/collection/raw latency_human=1.068222ms
2025-10-28 02:01:40 |INF| anilist > Successful Request rlr=27 rtt=334ms
2025-10-28 02:01:40 |TRC| method=GET status=200 uri=/api/v1/anilist/stats latency_human=334.948405ms
2025-10-28 02:01:44 |TRC| anilist platform > Fetching anime details
2025-10-28 02:01:44 |DBG| anilist > Fetching anime details mediaId=98580
2025-10-28 02:01:44 |TRC| method=GET status=200 uri=/api/v1/library/anime-entry/98580 latency_human=53.236954ms
2025-10-28 02:01:44 |INF| anilist > Successful Request rlr=26 rtt=385ms
2025-10-28 02:01:44 |TRC| method=GET status=200 uri=/api/v1/anilist/media-details/98580 latency_human=386.704829ms
2025-10-28 02:01:44 |TRC| method=GET status=200 uri=/api/v1/continuity/history latency_human=8.549895ms
2025-10-28 02:01:51 |TRC| method=GET status=200 uri=/api/v1/extensions/list/anime-torrent-provider latency_human="105.708µs"
2025-10-28 02:01:51 |DBG| torrent repo > Searching for anime torrents provider=animetosho query="kobayashi-san chi no maidragon: valentine, soshite onsen! (amari kitai shinaide kudasai)" type=smart
2025-10-28 02:01:51 |DBG| animetosho > Searching batches by Episode ID aid=0
2025-10-28 02:01:51 |DBG| animetosho > Searching batches by query
2025-10-28 02:01:51 |TRC| animetosho > Searching by query query="(Kobayashi san Chi no Maidragon Valentine Soshite Onsen Amari Kitai Shinaide Kudasai | Miss Kobayashis Dragon Maid Valentines and Hot Springs Please Dont Get Your Hopes Up) -S0"
2025-10-28 02:01:51 |DBG| animetosho > Fetching torrents url=https://feed.animetosho.org/json?only_tor=1&q=%28Kobayashi+san+Chi+no+Maidragon+Valentine+Soshite+Onsen+Amari+Kitai+Shinaide+Kudasai+%7C+Miss+Kobayashis+Dragon+Maid+Valentines+and+Hot+Springs+Please+Dont+Get+Your+Hopes+Up%29+-S0&qx=1
2025-10-28 02:01:51 |TRC| animetosho > Searching by query query="(Kobayashi san Chi no Maidragon Valentine Soshite Onsen Amari Kitai Shinaide Kudasai | Miss Kobayashis Dragon Maid Valentines and Hot Springs Please Dont Get Your Hopes Up)"
2025-10-28 02:01:51 |DBG| animetosho > Fetching torrents url=https://feed.animetosho.org/json?only_tor=1&q=%28Kobayashi+san+Chi+no+Maidragon+Valentine+Soshite+Onsen+Amari+Kitai+Shinaide+Kudasai+%7C+Miss+Kobayashis+Dragon+Maid+Valentines+and+Hot+Springs+Please+Dont+Get+Your+Hopes+Up%29&qx=1
2025-10-28 02:01:52 |DBG| torrent repo > Searching for anime torrents provider=animetosho query= type=smart
2025-10-28 02:01:52 |DBG| animetosho > Searching batches by Episode ID aid=0
2025-10-28 02:01:52 |DBG| animetosho > Searching batches by query
2025-10-28 02:01:52 |TRC| animetosho > Searching by query query="(Kobayashi san Chi no Maidragon Valentine Soshite Onsen Amari Kitai Shinaide Kudasai | Miss Kobayashis Dragon Maid Valentines and Hot Springs Please Dont Get Your Hopes Up) -S0"
2025-10-28 02:01:52 |TRC| animetosho > Searching by query query="(Kobayashi san Chi no Maidragon Valentine Soshite Onsen Amari Kitai Shinaide Kudasai | Miss Kobayashis Dragon Maid Valentines and Hot Springs Please Dont Get Your Hopes Up)"
2025-10-28 02:01:52 |DBG| animetosho > Fetching torrents url=https://feed.animetosho.org/json?only_tor=1&q=%28Kobayashi+san+Chi+no+Maidragon+Valentine+Soshite+Onsen+Amari+Kitai+Shinaide+Kudasai+%7C+Miss+Kobayashis+Dragon+Maid+Valentines+and+Hot+Springs+Please+Dont+Get+Your+Hopes+Up%29+-S0&qx=1
2025-10-28 02:01:52 |DBG| animetosho > Fetching torrents url=https://feed.animetosho.org/json?only_tor=1&q=%28Kobayashi+san+Chi+no+Maidragon+Valentine+Soshite+Onsen+Amari+Kitai+Shinaide+Kudasai+%7C+Miss+Kobayashis+Dragon+Maid+Valentines+and+Hot+Springs+Please+Dont+Get+Your+Hopes+Up%29&qx=1
2025-10-28 02:01:53 |TRC| method=POST status=200 uri=/api/v1/torrent/search latency_human=2.317987817s
2025-10-28 02:01:57 |TRC| method=POST status=200 uri=/api/v1/torrent/search latency_human=5.843930046s
2025-10-28 02:02:00 |TRC| anilist platform > Fetching raw manga collection
2025-10-28 02:02:00 |TRC| anilist platform > Returning raw manga collection from cache
2025-10-28 02:02:00 |TRC| method=GET status=200 uri=/api/v1/anilist/stats latency_human="134.088µs"
2025-10-28 02:02:00 |TRC| method=GET status=200 uri=/api/v1/manga/anilist/collection/raw latency_human="195.107µs"
2025-10-28 02:02:00 |TRC| method=GET status=200 uri=/api/v1/anilist/collection/raw latency_human=1.20971ms
2025-10-28 02:02:03 |TRC| anilist platform > Fetching anime details
2025-10-28 02:02:03 |DBG| anilist > Fetching anime details mediaId=21202
2025-10-28 02:02:03 |TRC| method=GET status=200 uri=/api/v1/library/anime-entry/21202 latency_human=82.099202ms
2025-10-28 02:02:04 |INF| anilist > Successful Request rlr=25 rtt=474ms
2025-10-28 02:02:04 |TRC| method=GET status=200 uri=/api/v1/anilist/media-details/21202 latency_human=475.101753ms
2025-10-28 02:02:04 |TRC| method=GET status=200 uri=/api/v1/continuity/history latency_human=8.47515ms
2025-10-28 02:02:06 |TRC| method=GET status=200 uri=/api/v1/extensions/list/anime-torrent-provider latency_human="35.169µs"
2025-10-28 02:02:06 |DBG| torrent repo > Searching for anime torrents provider=animetosho query= type=smart
2025-10-28 02:02:06 |DBG| animetosho > Searching batches by Anime ID aid=11261
2025-10-28 02:02:06 |DBG| animetosho > Fetching torrents url=https://feed.animetosho.org/json?order=size-d&aid=11261&q=
2025-10-28 02:02:06 |TRC| method=POST status=200 uri=/api/v1/torrent/search latency_human=113.103078ms
2025-10-28 02:02:12 |DBG| torrent repo > Searching for anime torrents provider=animetosho query= type=smart
2025-10-28 02:02:12 |DBG| animetosho > Searching batches by Episode ID aid=11261
2025-10-28 02:02:12 |DBG| animetosho > Fetching torrents url=https://feed.animetosho.org/json?eid=174171&q=
2025-10-28 02:02:12 |TRC| method=POST status=200 uri=/api/v1/torrent/search latency_human=63.332897ms
2025-10-28 02:02:16 |TRC| method=POST status=200 uri=/api/v1/directory-selector latency_human="240.816µs"
2025-10-28 02:02:23 |TRC| method=GET status=200 uri=/api/v1/extensions/list/anime-torrent-provider latency_human="82.549µs"
2025-10-28 02:02:23 |TRC| method=GET status=200 uri=/api/v1/torrentstream/settings latency_human="393.703µs"
2025-10-28 02:02:26 |DBG| db > Settings saved
2025-10-28 02:02:26 |DBG| app > Refreshing modules
2025-10-28 02:02:26 |TRC| watcher > Watcher stopped
2025-10-28 02:02:26 |TRC| torrent repo > Setting settings
2025-10-28 02:02:26 |DBG| discordrpc > Event loop stopped
2025-10-28 02:02:26 |INF| discordrpc > Discord Rich Presence enabled
2025-10-28 02:02:26 |DBG| torrentstream > Media player context cancelled
2025-10-28 02:02:26 |INF| watcher > Watching directories: [/home/nupi/Data/Anime Library]
2025-10-28 02:02:26 |INF| watcher > Library size: 92 GiB
2025-10-28 02:02:26 |INF| app > Logged in to qBittorrent
2025-10-28 02:02:26 |DBG| discordrpc > RPC client initialized and event loop started
2025-10-28 02:02:26 |DBG| nakama > Settings updated isHost=false remoteURL= username=Peer_m5y0s50y
2025-10-28 02:02:26 |INF| app > Refreshed modules
2025-10-28 02:02:26 |TRC| method=PATCH status=200 uri=/api/v1/settings latency_human=164.389513ms
2025-10-28 02:02:26 |TRC| method=GET status=200 uri=/api/v1/status latency_human="86.489µs"
2025-10-28 02:02:27 |TRC| method=GET status=200 uri=/api/v1/continuity/history latency_human="365.824µs"
2025-10-28 02:02:27 |TRC| method=GET status=200 uri=/api/v1/library/collection latency_human="574.361µs"
2025-10-28 02:02:29 |TRC| anilist platform > Fetching raw manga collection
2025-10-28 02:02:29 |TRC| anilist platform > Returning raw manga collection from cache
2025-10-28 02:02:29 |TRC| method=GET status=200 uri=/api/v1/manga/anilist/collection/raw latency_human="218.696µs"
2025-10-28 02:02:29 |TRC| method=GET status=200 uri=/api/v1/anilist/stats latency_human="162.378µs"
2025-10-28 02:02:29 |TRC| method=GET status=200 uri=/api/v1/anilist/collection/raw latency_human=1.789462ms
2025-10-28 02:02:37 |TRC| method=GET status=200 uri=/api/v1/library/anime-entry/21202 latency_human="200.727µs"
2025-10-28 02:02:37 |TRC| method=GET status=200 uri=/api/v1/anilist/media-details/21202 latency_human="352.615µs"
2025-10-28 02:02:37 |TRC| method=GET status=200 uri=/api/v1/continuity/history latency_human=8.503887ms
2025-10-28 02:02:39 |TRC| method=GET status=200 uri=/api/v1/extensions/list/anime-torrent-provider latency_human="36.329µs"
2025-10-28 02:02:39 |DBG| torrent repo > Searching for anime torrents provider=animetosho query= type=smart
2025-10-28 02:02:39 |DBG| animetosho > Searching batches by Anime ID aid=11261
2025-10-28 02:02:39 |DBG| animetosho > Fetching torrents url=https://feed.animetosho.org/json?order=size-d&aid=11261&q=
2025-10-28 02:02:39 |TRC| method=POST status=200 uri=/api/v1/torrent/search latency_human=91.789951ms
2025-10-28 02:02:41 |DBG| torrent repo > Searching for anime torrents provider=animetosho query= type=smart
2025-10-28 02:02:41 |DBG| animetosho > Searching batches by Episode ID aid=11261
2025-10-28 02:02:41 |DBG| animetosho > Fetching torrents url=https://feed.animetosho.org/json?eid=174171&q=
2025-10-28 02:02:41 |TRC| method=POST status=200 uri=/api/v1/torrent/search latency_human=620.961507ms
2025-10-28 02:02:42 |TRC| method=POST status=200 uri=/api/v1/directory-selector latency_human="84.959µs"
2025-10-28 02:02:43 |TRC| anilist platform > Fetching anime with relations
2025-10-28 02:02:43 |DBG| anilist > Fetching complete media mediaId=21202
2025-10-28 02:02:43 |INF| anilist > Successful Request rlr=29 rtt=336ms
2025-10-28 02:02:43 |TRC| torrent client > Adding magnets magnets=["magnet:?xt=urn:btih:YYYEIK4AHXVKPT6FJAXS5X5VQ5TCVL45&tr=http%3A%2F%2Fnyaa.tracker.wf%3A7777%2Fannounce&tr=udp%3A%2F%2Fopen.stealth.si%3A80%2Fannounce&tr=udp%3A%2F%2Ftracker.opentrackr.org%3A1337%2Fannounce&tr=udp%3A%2F%2Fexodus.desync.com%3A6969%2Fannounce&tr=udp%3A%2F%2Ftracker.torrent.eu.org%3A451%2Fannounce&dn=%5Bshincaps%5D%20Kono%20Subarashii%20Sekai%20ni%20Shukufuku%20wo%21%20-%2001%20%28ANIMAX%20Asia%201920x1080%20H264%20MP2%29.ts"]
2025-10-28 02:02:43 |DBG| torrent client > Added torrents
2025-10-28 02:02:43 |TRC| method=POST status=200 uri=/api/v1/torrent-client/download latency_human=337.475782ms
2025-10-28 02:02:47 |TRC| method=POST status=500 uri=/api/v1/torrent-client/download latency_human=30.025212071s
2025-10-28 02:03:01 |DBG| watcher > File created: /home/nupi/Data/Anime Library/Kono Subarashii Sekai ni Shukufuku wo!
2025-10-28 02:03:22 |TRC| torrent client > Removing torrents
2025-10-28 02:03:22 |DBG| torrent client > Removed torrents hashes=["c630442b803deaa7cfc5482f2edfb587662aaf9d"]
2025-10-28 02:03:22 |TRC| method=POST status=200 uri=/api/v1/torrent-client/action latency_human="555.982µs"
2025-10-28 02:03:23 |TRC| method=GET status=200 uri=/api/v1/continuity/history latency_human="372.185µs"
2025-10-28 02:03:23 |TRC| method=GET status=200 uri=/api/v1/library/collection latency_human="567.021µs"
2025-10-28 02:08:35 |DBG| ws > Client disconnection id=2f55abbd-e0a9-46fe-8e78-a67b7cca64cc
2025-10-28 02:11:19 |DBG| anilist > Fetching anime collection
2025-10-28 02:11:19 |TRC| ws > Sending message type=check-for-announcements
2025-10-28 02:11:20 |INF| anilist > Successful Request rlr=29 rtt=846ms
2025-10-28 02:11:20 |TRC| ws > Sending message type=refreshed-anilist-anime-collection
2025-10-28 02:11:20 |DBG| anilist > Fetching manga collection
2025-10-28 02:11:20 |INF| anilist > Successful Request rlr=28 rtt=275ms
2025-10-28 02:11:20 |TRC| ws > Sending message type=refreshed-anilist-manga-collection
2025-10-28 02:21:19 |DBG| anilist > Fetching anime collection
2025-10-28 02:21:19 |TRC| ws > Sending message type=check-for-announcements
2025-10-28 02:21:20 |INF| anilist > Successful Request rlr=29 rtt=843ms
2025-10-28 02:21:20 |TRC| ws > Sending message type=refreshed-anilist-anime-collection
2025-10-28 02:21:20 |DBG| anilist > Fetching manga collection
2025-10-28 02:21:20 |INF| anilist > Successful Request rlr=28 rtt=288ms
2025-10-28 02:21:20 |TRC| ws > Sending message type=refreshed-anilist-manga-collection
