2025-10-27 00:22:51 |INF| app > Seanime 2.9.10-Natsu
2025-10-27 00:22:51 |INF| app > OS: linux
2025-10-27 00:22:51 |INF| app > Arch: amd64
2025-10-27 00:22:51 |INF| app > Processor count: 16
2025-10-27 00:22:51 |DBG| app > Initializing config
2025-10-27 00:22:51 |INF| app > Data directory: /home/nupi/.config/Seanime
2025-10-27 00:22:51 |INF| app > Working directory: /home/nupi/Seanime
2025-10-27 00:22:51 |INF| db > Database instantiated name=seanime.db
2025-10-27 00:22:51 |DBG| db > Local files retrieved
2025-10-27 00:22:51 |DBG| extensions > Loaded built-in manga provider extension id=comick
2025-10-27 00:22:51 |DBG| extensions > Loaded built-in extension id=comick
2025-10-27 00:22:51 |TRC| ws > Sending message type=extensions-reloaded
2025-10-27 00:22:51 |DBG| extensions > Loaded built-in manga provider extension id=comick-multi
2025-10-27 00:22:51 |DBG| extensions > Loaded built-in extension id=comick-multi
2025-10-27 00:22:51 |TRC| ws > Sending message type=extensions-reloaded
2025-10-27 00:22:51 |DBG| extensions > Loaded built-in manga provider extension id=mangapill
2025-10-27 00:22:51 |DBG| extensions > Loaded built-in extension id=mangapill
2025-10-27 00:22:51 |TRC| ws > Sending message type=extensions-reloaded
2025-10-27 00:22:51 |DBG| extensions > Loaded built-in manga provider extension id=weebcentral
2025-10-27 00:22:51 |DBG| extensions > Loaded built-in extension id=weebcentral
2025-10-27 00:22:51 |TRC| ws > Sending message type=extensions-reloaded
2025-10-27 00:22:51 |DBG| extensions > Loaded built-in manga provider extension id=mangadex
2025-10-27 00:22:51 |DBG| extensions > Loaded built-in extension id=mangadex
2025-10-27 00:22:51 |TRC| ws > Sending message type=extensions-reloaded
2025-10-27 00:22:51 |DBG| extensions > Loaded built-in manga provider extension id=local-manga
2025-10-27 00:22:51 |DBG| extensions > Loaded built-in extension id=local-manga
2025-10-27 00:22:51 |TRC| ws > Sending message type=extensions-reloaded
2025-10-27 00:22:51 |INF| local platform > Database instantiated name=local.db
2025-10-27 00:22:51 |TRC| goja runtime > Pre-warming pool size=5
2025-10-27 00:22:51 |INF| continuity > Initialized manager
2025-10-27 00:22:51 |DBG| manga downloader > Reading download directory
2025-10-27 00:22:51 |DBG| app > Refreshing modules
2025-10-27 00:22:51 |TRC| ws > Sending message type=refreshed-manga-download-data
2025-10-27 00:22:51 |TRC| torrent repo > Setting settings
2025-10-27 00:22:51 |INF| discordrpc > Discord Rich Presence enabled
2025-10-27 00:22:51 |DBG| extensions > Loaded built-in onlinestream provider extension id=animepahe
2025-10-27 00:22:51 |ERR| app > Failed to login to qBittorrent error="Post \"http://127.0.0.1:8080/api/v2/auth/login\": dial tcp 127.0.0.1:8080: connect: connection refused"
2025-10-27 00:22:51 |DBG| extensions > Loaded built-in extension id=animepahe
2025-10-27 00:22:51 |TRC| ws > Sending message type=extensions-reloaded
2025-10-27 00:22:51 |DBG| extensions > Loaded built-in anime torrent provider extension id=nyaa
2025-10-27 00:22:51 |DBG| extensions > Loaded built-in extension id=nyaa
2025-10-27 00:22:51 |TRC| ws > Sending message type=extensions-reloaded
2025-10-27 00:22:51 |DBG| extensions > Loaded built-in anime torrent provider extension id=nyaa-non-eng
2025-10-27 00:22:51 |DBG| extensions > Loaded built-in extension id=nyaa-non-eng
2025-10-27 00:22:51 |TRC| ws > Sending message type=extensions-reloaded
2025-10-27 00:22:51 |DBG| extensions > Loaded built-in anime torrent provider extension id=nyaa-sukebei
2025-10-27 00:22:51 |DBG| extensions > Loaded built-in extension id=nyaa-sukebei
2025-10-27 00:22:51 |TRC| ws > Sending message type=extensions-reloaded
2025-10-27 00:22:51 |DBG| extensions > Loaded built-in anime torrent provider extension id=animetosho
2025-10-27 00:22:51 |DBG| extensions > Loaded built-in extension id=animetosho
2025-10-27 00:22:51 |TRC| ws > Sending message type=extensions-reloaded
2025-10-27 00:22:51 |DBG| extensions > Loaded built-in anime torrent provider extension id=seadex
2025-10-27 00:22:51 |DBG| extensions > Loaded built-in extension id=seadex
2025-10-27 00:22:51 |TRC| ws > Sending message type=extensions-reloaded
2025-10-27 00:22:51 |TRC| extensions > Loading external extensions
2025-10-27 00:22:51 |TRC| extensions > Interrupting Goja VMs
2025-10-27 00:22:51 |DBG| extensions > Killed Goja VMs count=0
2025-10-27 00:22:51 |TRC| extensions > Unloading external extensions
2025-10-27 00:22:51 |DBG| extensions > Unloaded external extensions count=0
2025-10-27 00:22:51 |DBG| extensions > Loaded external extensions
2025-10-27 00:22:51 |TRC| ws > Sending message type=extensions-reloaded
2025-10-27 00:22:51 |TRC| extensions > Checking for updates
2025-10-27 00:22:51 |DBG| extensions > Retrieved update info haveUpdates=0
2025-10-27 00:22:51 |DBG| discordrpc > RPC client initialized and event loop started
2025-10-27 00:22:51 |DBG| nakama > Settings updated isHost=false remoteURL= username=Peer_sw12jlz3
2025-10-27 00:22:51 |INF| app > Refreshed modules
2025-10-27 00:22:51 |DBG| manga > Initialized provider extension bank
2025-10-27 00:22:51 |DBG| onlinestream > Initialized provider extension bank
2025-10-27 00:22:51 |DBG| torrent repo > Initialized anime provider extension bank
2025-10-27 00:22:51 |DBG| app > Fetching Anilist data
2025-10-27 00:22:51 |INF| app > Authenticated to AniList
2025-10-27 00:22:51 |INF| app > Fetched Anilist data
2025-10-27 00:22:51 |DBG| anilist > Fetching anime collection
2025-10-27 00:22:51 |DBG| transcoder > Hardware acceleration: disabled
2025-10-27 00:22:51 |INF| transcoder > Initialized
2025-10-27 00:22:51 |INF| mediastream > Transcoder module initialized
2025-10-27 00:22:51 |INF| mediastream > Module initialized
2025-10-27 00:22:51 |INF| torrentstream > Initialized torrent client on port 43213
2025-10-27 00:22:51 |TRC| torrentstream > Dropping all torrents
2025-10-27 00:22:51 |DBG| torrentstream > Dropped all torrents
2025-10-27 00:22:51 |INF| torrentstream > Module initialized
2025-10-27 00:22:51 |INF| app > Serving embedded web interface
2025-10-27 00:22:51 |INF| app > Web assets path: /home/nupi/.config/Seanime/assets
2025-10-27 00:22:51 |INF| app > Manga downloads path: /home/nupi/.config/Seanime/manga
2025-10-27 00:22:51 |INF| app > Offline assets path: /home/nupi/.config/Seanime/offline/assets
2025-10-27 00:22:51 |INF| app > Server Address: 127.0.0.1:43211
2025-10-27 00:22:51 |INF| watcher > Watching directories: [/home/nupi/Data/Anime Library]
2025-10-27 00:22:51 |INF| watcher > Library size: 92 GiB
2025-10-27 00:22:51 |TRC| ws > Sending message type=check-for-announcements
2025-10-27 00:22:51 |INF| app > Seanime started at http://127.0.0.1:43211
2025-10-27 00:22:51 |DBG| animetosho > Loaded Sneedex Nyaa IDs count=1460
2025-10-27 00:22:52 |INF| anilist > Successful Request rlr=29 rtt=830ms
2025-10-27 00:22:52 |TRC| ws > Sending message type=refreshed-anilist-anime-collection
2025-10-27 00:22:52 |TRC| ws > Sending message type=server-ready
2025-10-27 00:22:52 |DBG| anilist > Fetching manga collection
2025-10-27 00:22:52 |INF| anilist > Successful Request rlr=28 rtt=292ms
2025-10-27 00:22:52 |TRC| ws > Sending message type=refreshed-anilist-manga-collection
2025-10-27 00:23:11 |DBG| ws > Client connected id=52efc6a4-0579-4236-beb5-5cbafc68a8a7
2025-10-27 00:23:11 |TRC| method=GET status=200 uri=/api/v1/status latency_human=1.83252ms
2025-10-27 00:23:11 |TRC| method=GET status=200 uri=/api/v1/extensions/list latency_human="327.64µs"
2025-10-27 00:23:11 |TRC| method=GET status=200 uri=/api/v1/extensions/plugin-settings latency_human="184.16µs"
2025-10-27 00:23:11 |TRC| method=GET status=200 uri=/api/v1/extensions/list/development latency_human="52.2µs"
2025-10-27 00:23:11 |TRC| method=GET status=200 uri=/api/v1/extensions/updates latency_human="30.61µs"
2025-10-27 00:23:11 |TRC| method=GET status=200 uri=/api/v1/continuity/history latency_human="427.739µs"
2025-10-27 00:23:11 |TRC| method=GET status=200 uri=/api/v1/auto-downloader/items latency_human="233.46µs"
2025-10-27 00:23:11 |TRC| method=POST status=200 uri=/api/v1/announcements latency_human="526.04µs"
2025-10-27 00:23:11 |TRC| method=GET status=200 uri=/api/v1/library/missing-episodes latency_human="908.96µs"
2025-10-27 00:23:11 |TRC| method=GET status=200 uri=/api/v1/anilist/collection latency_human=1.76154ms
2025-10-27 00:23:11 |TRC| method=GET status=200 uri=/api/v1/manga/collection latency_human="772.34µs"
2025-10-27 00:23:11 |TRC| method=GET status=200 uri=/api/v1/library/collection latency_human=311.084582ms
2025-10-27 00:23:11 |TRC| method=GET status=200 uri=/api/v1/continuity/history latency_human="293.36µs"
2025-10-27 00:23:11 |TRC| method=GET status=200 uri=/api/v1/latest-update latency_human=380.964113ms
2025-10-27 00:23:15 |TRC| anilist platform > Fetching anime details
2025-10-27 00:23:15 |DBG| anilist > Fetching anime details mediaId=5114
2025-10-27 00:23:15 |TRC| method=GET status=200 uri=/api/v1/library/anime-entry/5114 latency_human=1.9701ms
2025-10-27 00:23:15 |INF| anilist > Successful Request rlr=27 rtt=478ms
2025-10-27 00:23:15 |TRC| method=GET status=200 uri=/api/v1/anilist/media-details/5114 latency_human=479.001854ms
2025-10-27 00:23:15 |TRC| method=GET status=200 uri=/api/v1/local/track/5114/anime latency_human="230.44µs"
2025-10-27 00:23:15 |TRC| method=GET status=200 uri=/api/v1/library/anime-entry/silence/5114 latency_human="109.64µs"
2025-10-27 00:23:15 |TRC| method=GET status=200 uri=/api/v1/continuity/history latency_human="189.399µs"
2025-10-27 00:23:16 |DBG| media player > Media requested path="/home/nupi/Data/Anime Library/Hagane no Renkinjutsushi FULLMETAL ALCHEMIST/Fullmetal Alchemist_ Brotherhood  [1080p] [Ryuuga]/[Ryuuga] - Fullmetal Alchemist_ Brotherhood  - 10 - Separate Destinations [1080p].mkv"
2025-10-27 00:23:16 |DBG| continuity > Retrieving watch history item episode=0 isStream=false mediaId=0 path="/home/nupi/Data/Anime Library/Hagane no Renkinjutsushi FULLMETAL ALCHEMIST/Fullmetal Alchemist_ Brotherhood  [1080p] [Ryuuga]/[Ryuuga] - Fullmetal Alchemist_ Brotherhood  - 10 - Separate Destinations [1080p].mkv"
2025-10-27 00:23:16 |TRC| continuity > Local file found from path
2025-10-27 00:23:16 |DBG| continuity > Watch history item found item={"currentTime":74.408,"duration":1474.682,"episodeNumber":10,"filepath":"/home/nupi/Data/Anime Library/Hagane no Renkinjutsushi FULLMETAL ALCHEMIST/Fullmetal Alchemist_ Brotherhood  [1080p] [Ryuuga]/[Ryuuga] - Fullmetal Alchemist_ Brotherhood  - 10 - Separate Destinations [1080p].mkv","kind":"external_player","mediaId":5114,"timeAdded":"2025-10-24T15:48:47.239201718+02:00","timeUpdated":"2025-10-24T15:48:47.239201798+02:00"}
2025-10-27 00:23:16 |TRC| mpv > Launching player with args: [--no-resume-playback]
2025-10-27 00:23:16 |TRC| mpv > Cancelling previous command context
2025-10-27 00:23:16 |DBG| mpv > Starting player
2025-10-27 00:23:16 |TRC| mpv > Command: mpv --no-resume-playback --input-ipc-server=/tmp/mpv_socket /home/nupi/Data/Anime Library/Hagane no Renkinjutsushi FULLMETAL ALCHEMIST/Fullmetal Alchemist_ Brotherhood  [1080p] [Ryuuga]/[Ryuuga] - Fullmetal Alchemist_ Brotherhood  - 10 - Separate Destinations [1080p].mkv
2025-10-27 00:23:16 |TRC| mpv cmd > ● Video  --vid=1               (h264 1920x1080 23.976 fps)
2025-10-27 00:23:16 |TRC| mpv cmd > ● Audio  --aid=1               (aac 2ch 44100 Hz)
2025-10-27 00:23:16 |TRC| mpv cmd > ● Subs   --sid=1  --slang=eng  'English (US)' (ass) [default]
2025-10-27 00:23:16 |TRC| mpv cmd > ○ Subs   --sid=2  --slang=spa  'Español (América Latina)' (ass)
2025-10-27 00:23:16 |TRC| mpv cmd > ○ Subs   --sid=3  --slang=por  'Português (Brasil)' (ass)
2025-10-27 00:23:16 |TRC| mpv cmd > AO: [pipewire] 44100Hz stereo 2ch floatp
2025-10-27 00:23:16 |TRC| mpv cmd > VO: [gpu] 1920x1080 yuv420p
2025-10-27 00:23:17 |DBG| mpv > Player started
2025-10-27 00:23:17 |DBG| mpv > Connection established
2025-10-27 00:23:17 |DBG| mpv > Listening for events
2025-10-27 00:23:17 |TRC| mpv cmd > [osd/libass] fontselect: Using default font family: (mpv-osd-symbols, 400, 0) -> /usr/share/fonts/noto/NotoSans-Regular.ttf, 0, NotoSans-Regular
2025-10-27 00:23:17 |TRC| mpv cmd > [sub/ass] fontselect: Using default font family: (Trebuchet MS, 400, 0) -> /usr/share/fonts/noto/NotoSans-Regular.ttf, 0, NotoSans-Regular
2025-10-27 00:23:17 |TRC| method=POST status=200 uri=/api/v1/playback-manager/play latency_human=1.284573159s
2025-10-27 00:23:19 |TRC| mpv cmd > [sub/ass] fontselect: Using default font family: (Trebuchet MS, 400, 100) -> /usr/share/fonts/noto/NotoSans-Italic.ttf, 0, NotoSans-Italic
2025-10-27 00:23:20 |DBG| media player > Video started playing newFilename="[Ryuuga] - Fullmetal Alchemist_ Brotherhood  - 10 - Separate Destinations [1080p].mkv" previousFilename=
2025-10-27 00:23:20 |DBG| media player > Playback status currentPlaybackStatus={"completionPercentage":0.0005370649401023408,"currentTimeInSeconds":0.792,"duration":1474,"durationInSeconds":1474.682,"filename":"[Ryuuga] - Fullmetal Alchemist_ Brotherhood  - 10 - Separate Destinations [1080p].mkv","filepath":"/home/nupi/Data/Anime Library/Hagane no Renkinjutsushi FULLMETAL ALCHEMIST/Fullmetal Alchemist_ Brotherhood  [1080p] [Ryuuga]/[Ryuuga] - Fullmetal Alchemist_ Brotherhood  - 10 - Separate Destinations [1080p].mkv","path":"","playbackType":"file","playing":true}
2025-10-27 00:23:20 |DBG| playback manager > Tracking started, extracting metadata...
2025-10-27 00:23:20 |DBG| playback manager > Getting local file playback details path="/home/nupi/data/anime library/hagane no renkinjutsushi fullmetal alchemist/fullmetal alchemist_ brotherhood  [1080p] [ryuuga]/[ryuuga] - fullmetal alchemist_ brotherhood  - 10 - separate destinations [1080p].mkv"
2025-10-27 00:23:20 |DBG| playback manager > Local file found by path
2025-10-27 00:23:20 |DBG| playback manager > Playback started episode=10 media="Hagane no Renkinjutsushi: FULLMETAL ALCHEMIST"
2025-10-27 00:23:20 |TRC| method=GET status=200 uri=/api/v1/library/anime-entry/5114 latency_human=2.463589ms
2025-10-27 00:23:27 |TRC| mpv cmd > Track switched:
2025-10-27 00:23:27 |TRC| mpv cmd > ● Video  --vid=1               (h264 [High] 1920x1080 23.976 fps)
2025-10-27 00:23:27 |TRC| mpv cmd > ● Audio  --aid=1               (aac [LC] 2ch 44100 Hz)
2025-10-27 00:23:27 |TRC| mpv cmd > ○ Subs   --sid=1  --slang=eng  'English (US)' (ass) [default]
2025-10-27 00:23:27 |TRC| mpv cmd > ● Subs   --sid=2  --slang=spa  'Español (América Latina)' (ass)
2025-10-27 00:23:27 |TRC| mpv cmd > ○ Subs   --sid=3  --slang=por  'Português (Brasil)' (ass)
2025-10-27 00:23:28 |TRC| mpv cmd > [sub/ass] fontselect: Using default font family: (Trebuchet MS, 400, 0) -> /usr/share/fonts/noto/NotoSans-Regular.ttf, 0, NotoSans-Regular
2025-10-27 00:24:42 |TRC| mpv cmd > Exiting... (Quit)
2025-10-27 00:24:42 |DBG| mpv > Connection has been closed
2025-10-27 00:24:42 |DBG| mpv > Closing socket connection
2025-10-27 00:24:42 |TRC| mpv > Terminating
2025-10-27 00:24:42 |TRC| mpv > Resetting playback status
2025-10-27 00:24:42 |TRC| mpv > Terminated
2025-10-27 00:24:42 |DBG| mpv > Instance closed
2025-10-27 00:24:42 |DBG| mpv > Context cancelled
2025-10-27 00:24:42 |WRN| mpv > Player has exited error="signal: killed"
2025-10-27 00:24:42 |ERR| media player > Failed to get player status, retrying (1/5)
2025-10-27 00:24:43 |ERR| media player > Failed to get player status, retrying (2/5)
2025-10-27 00:24:43 |DBG| media player > Connection lost
2025-10-27 00:24:43 |DBG| playback manager > Received tracking stopped event
2025-10-27 00:24:43 |DBG| discordrpc > Event loop stopped
2025-10-27 00:24:43 |TRC| method=GET status=200 uri=/api/v1/continuity/history latency_human="323.83µs"
2025-10-27 00:24:48 |TRC| method=GET status=200 uri=/api/v1/continuity/history latency_human="228.81µs"
2025-10-27 00:24:48 |TRC| method=GET status=200 uri=/api/v1/library/collection latency_human="543.509µs"
2025-10-27 00:24:50 |TRC| anilist platform > Fetching anime details
2025-10-27 00:24:50 |DBG| anilist > Fetching anime details mediaId=171046
2025-10-27 00:24:50 |TRC| method=GET status=200 uri=/api/v1/library/anime-entry/171046 latency_human="282.91µs"
2025-10-27 00:24:50 |INF| anilist > Successful Request rlr=29 rtt=566ms
2025-10-27 00:24:50 |TRC| method=GET status=200 uri=/api/v1/anilist/media-details/171046 latency_human=567.245219ms
2025-10-27 00:24:50 |TRC| method=GET status=200 uri=/api/v1/library/anime-entry/silence/171046 latency_human="150.94µs"
2025-10-27 00:24:50 |TRC| method=GET status=200 uri=/api/v1/continuity/history latency_human="217.31µs"
2025-10-27 00:24:50 |TRC| method=GET status=200 uri=/api/v1/local/track/171046/anime latency_human="679.14µs"
2025-10-27 00:24:51 |DBG| media player > Media requested path="/home/nupi/Data/Anime Library/Seishun Buta Yarou wa Santa Claus no Yume wo Minai/Seishun Buta Yarou wa Santa Claus no Yume wo Minai S01 1080p WEBRip AAC x265-EMBER/[EMBER] Seishun Buta Yarou wa Santa Claus no Yume wo Minai - 04.mkv"
2025-10-27 00:24:51 |DBG| continuity > Retrieving watch history item episode=0 isStream=false mediaId=0 path="/home/nupi/Data/Anime Library/Seishun Buta Yarou wa Santa Claus no Yume wo Minai/Seishun Buta Yarou wa Santa Claus no Yume wo Minai S01 1080p WEBRip AAC x265-EMBER/[EMBER] Seishun Buta Yarou wa Santa Claus no Yume wo Minai - 04.mkv"
2025-10-27 00:24:51 |TRC| continuity > Local file found from path
2025-10-27 00:24:51 |TRC| continuity > No watch history item found or episode number does not match item=null
2025-10-27 00:24:51 |TRC| mpv > Launching player with args: []
2025-10-27 00:24:51 |TRC| mpv > Cancelling previous context
2025-10-27 00:24:51 |TRC| mpv > Cancelling previous command context
2025-10-27 00:24:51 |DBG| mpv > Starting player
2025-10-27 00:24:51 |TRC| mpv > Command: mpv --input-ipc-server=/tmp/mpv_socket /home/nupi/Data/Anime Library/Seishun Buta Yarou wa Santa Claus no Yume wo Minai/Seishun Buta Yarou wa Santa Claus no Yume wo Minai S01 1080p WEBRip AAC x265-EMBER/[EMBER] Seishun Buta Yarou wa Santa Claus no Yume wo Minai - 04.mkv
2025-10-27 00:24:51 |TRC| mpv cmd > ● Video  --vid=1              'Presented By EMBER' (hevc 1920x1080 23.8095 fps) [default]
2025-10-27 00:24:51 |TRC| mpv cmd > ○ Image  --vid=2              'cover.jpg' (mjpeg)
2025-10-27 00:24:51 |TRC| mpv cmd > ● Audio  --aid=1  --alang=ja  (aac 2ch 44100 Hz) [default]
2025-10-27 00:24:51 |TRC| mpv cmd > ● Subs   --sid=1  --slang=en  (ass) [default]
2025-10-27 00:24:51 |TRC| mpv cmd > File tags:
2025-10-27 00:24:51 |TRC| mpv cmd > Title: S01E04-Heroism
2025-10-27 00:24:51 |TRC| mpv cmd > AO: [pipewire] 44100Hz stereo 2ch floatp
2025-10-27 00:24:51 |TRC| mpv cmd > [sub/ass] [0x561c3f0f2fc0]: Warning: no style named 'BD DX' found, using 'Default'
2025-10-27 00:24:51 |TRC| mpv cmd > VO: [gpu] 1920x1080 yuv420p10
2025-10-27 00:24:52 |DBG| mpv > Player started
2025-10-27 00:24:52 |DBG| mpv > Connection established
2025-10-27 00:24:52 |TRC| method=POST status=200 uri=/api/v1/playback-manager/play latency_human=1.078405237s
2025-10-27 00:24:52 |DBG| mpv > Listening for events
2025-10-27 00:24:52 |TRC| mpv cmd > [sub/ass] [0x561c3f0f2fc0]: Warning: no style named 'BD DX' found, using 'Default'
2025-10-27 00:24:53 |TRC| mpv cmd > [osd/libass] fontselect: Using default font family: (mpv-osd-symbols, 400, 0) -> /usr/share/fonts/noto/NotoSans-Regular.ttf, 0, NotoSans-Regular
2025-10-27 00:24:55 |DBG| media player > Video started playing newFilename="[EMBER] Seishun Buta Yarou wa Santa Claus no Yume wo Minai - 04.mkv" previousFilename=
2025-10-27 00:24:55 |DBG| media player > Playback status currentPlaybackStatus={"completionPercentage":0.002027667945764049,"currentTimeInSeconds":2.92,"duration":1440,"durationInSeconds":1440.078,"filename":"[EMBER] Seishun Buta Yarou wa Santa Claus no Yume wo Minai - 04.mkv","filepath":"/home/nupi/Data/Anime Library/Seishun Buta Yarou wa Santa Claus no Yume wo Minai/Seishun Buta Yarou wa Santa Claus no Yume wo Minai S01 1080p WEBRip AAC x265-EMBER/[EMBER] Seishun Buta Yarou wa Santa Claus no Yume wo Minai - 04.mkv","path":"","playbackType":"file","playing":false}
2025-10-27 00:24:55 |DBG| playback manager > Tracking started, extracting metadata...
2025-10-27 00:24:55 |DBG| playback manager > Getting local file playback details path="/home/nupi/data/anime library/seishun buta yarou wa santa claus no yume wo minai/seishun buta yarou wa santa claus no yume wo minai s01 1080p webrip aac x265-ember/[ember] seishun buta yarou wa santa claus no yume wo minai - 04.mkv"
2025-10-27 00:24:55 |DBG| playback manager > Local file found by path
2025-10-27 00:24:55 |DBG| playback manager > Playback started episode=4 media="Seishun Buta Yarou wa Santa Claus no Yume wo Minai"
2025-10-27 00:24:55 |DBG| discordrpc > RPC client initialized and event loop started
2025-10-27 00:24:55 |TRC| method=GET status=200 uri=/api/v1/library/anime-entry/5114 latency_human="787.979µs"
2025-10-27 00:24:55 |TRC| method=GET status=200 uri=/api/v1/library/anime-entry/171046 latency_human="395.729µs"
2025-10-27 00:25:01 |TRC| mpv cmd > [sub/ass] [0x561c3f0f2fc0]: Warning: no style named 'BD DX' found, using 'Default'
2025-10-27 00:25:05 |TRC| mpv cmd > [sub/ass] [0x561c3f0f2fc0]: Warning: no style named 'BD DX' found, using 'Default'
2025-10-27 00:25:10 |TRC| mpv cmd > [sub/ass] [0x561c3f0f2fc0]: Warning: no style named 'BD DX' found, using 'Default'
2025-10-27 00:25:11 |TRC| mpv cmd > [sub/ass] [0x561c3f0f2fc0]: Warning: no style named 'BD DX' found, using 'Default'
2025-10-27 00:25:16 |TRC| mpv cmd > [sub/ass] [0x561c3f0f2fc0]: Warning: no style named 'BD DX' found, using 'Default'
2025-10-27 00:25:21 |TRC| mpv cmd > [sub/ass] [0x561c3f0f2fc0]: Warning: no style named 'BD DX' found, using 'Default'
2025-10-27 00:25:34 |TRC| mpv cmd > Exiting... (Quit)
2025-10-27 00:25:34 |DBG| mpv > Connection has been closed
2025-10-27 00:25:34 |DBG| mpv > Closing socket connection
2025-10-27 00:25:34 |TRC| mpv > Terminating
2025-10-27 00:25:34 |TRC| mpv > Resetting playback status
2025-10-27 00:25:34 |TRC| mpv > Terminated
2025-10-27 00:25:34 |DBG| mpv > Instance closed
2025-10-27 00:25:34 |DBG| mpv > Context cancelled
2025-10-27 00:25:35 |WRN| mpv > Player has exited error="signal: killed"
2025-10-27 00:25:35 |ERR| media player > Failed to get player status, retrying (1/5)
2025-10-27 00:25:36 |ERR| media player > Failed to get player status, retrying (2/5)
2025-10-27 00:25:36 |DBG| media player > Connection lost
2025-10-27 00:25:36 |DBG| playback manager > Received tracking stopped event
2025-10-27 00:25:36 |DBG| discordrpc > Event loop stopped
2025-10-27 00:25:36 |TRC| method=GET status=200 uri=/api/v1/continuity/history latency_human="256.44µs"
2025-10-27 00:32:51 |DBG| anilist > Fetching anime collection
2025-10-27 00:32:51 |TRC| ws > Sending message type=check-for-announcements
2025-10-27 00:32:51 |TRC| method=POST status=200 uri=/api/v1/announcements latency_human="607.959µs"
2025-10-27 00:32:52 |INF| anilist > Successful Request rlr=29 rtt=866ms
2025-10-27 00:32:52 |TRC| ws > Sending message type=refreshed-anilist-anime-collection
2025-10-27 00:32:52 |DBG| anilist > Fetching manga collection
2025-10-27 00:32:52 |TRC| method=GET status=200 uri=/api/v1/library/collection latency_human="571.92µs"
2025-10-27 00:32:52 |TRC| method=GET status=200 uri=/api/v1/anilist/collection latency_human=3.013656ms
2025-10-27 00:32:52 |TRC| method=GET status=200 uri=/api/v1/library/anime-entry/171046 latency_human="305.16µs"
2025-10-27 00:32:52 |TRC| method=GET status=200 uri=/api/v1/library/missing-episodes latency_human="214.74µs"
2025-10-27 00:32:53 |INF| anilist > Successful Request rlr=28 rtt=269ms
2025-10-27 00:32:53 |TRC| ws > Sending message type=refreshed-anilist-manga-collection
2025-10-27 00:32:53 |TRC| method=GET status=200 uri=/api/v1/library/collection latency_human="472.95µs"
2025-10-27 00:32:53 |TRC| method=GET status=200 uri=/api/v1/anilist/collection latency_human=1.390019ms
2025-10-27 00:32:53 |TRC| method=GET status=200 uri=/api/v1/library/anime-entry/171046 latency_human="357.439µs"
2025-10-27 00:32:53 |TRC| method=GET status=200 uri=/api/v1/library/missing-episodes latency_human="15.6µs"
2025-10-27 00:42:51 |DBG| anilist > Fetching anime collection
2025-10-27 00:42:51 |TRC| ws > Sending message type=check-for-announcements
2025-10-27 00:42:52 |TRC| method=POST status=200 uri=/api/v1/announcements latency_human="865.669µs"
2025-10-27 00:42:52 |INF| anilist > Successful Request rlr=29 rtt=848ms
2025-10-27 00:42:52 |TRC| ws > Sending message type=refreshed-anilist-anime-collection
2025-10-27 00:42:52 |DBG| anilist > Fetching manga collection
2025-10-27 00:42:52 |TRC| method=GET status=200 uri=/api/v1/library/collection latency_human=1.247008ms
2025-10-27 00:42:52 |TRC| method=GET status=200 uri=/api/v1/anilist/collection latency_human=2.954736ms
2025-10-27 00:42:52 |TRC| method=GET status=200 uri=/api/v1/library/anime-entry/171046 latency_human="301.259µs"
2025-10-27 00:42:52 |TRC| method=GET status=200 uri=/api/v1/library/missing-episodes latency_human="202.21µs"
2025-10-27 00:42:53 |INF| anilist > Successful Request rlr=28 rtt=263ms
2025-10-27 00:42:53 |TRC| ws > Sending message type=refreshed-anilist-manga-collection
2025-10-27 00:42:53 |TRC| method=GET status=200 uri=/api/v1/library/collection latency_human="477.659µs"
2025-10-27 00:42:53 |TRC| method=GET status=200 uri=/api/v1/anilist/collection latency_human=1.439218ms
2025-10-27 00:42:53 |TRC| method=GET status=200 uri=/api/v1/library/anime-entry/171046 latency_human="398.46µs"
2025-10-27 00:42:53 |TRC| method=GET status=200 uri=/api/v1/library/missing-episodes latency_human="17.73µs"
2025-10-27 00:52:51 |DBG| anilist > Fetching anime collection
2025-10-27 00:52:52 |TRC| ws > Sending message type=check-for-announcements
2025-10-27 00:52:52 |TRC| method=POST status=200 uri=/api/v1/announcements latency_human="413.348µs"
2025-10-27 00:52:52 |INF| anilist > Successful Request rlr=29 rtt=850ms
2025-10-27 00:52:52 |TRC| ws > Sending message type=refreshed-anilist-anime-collection
2025-10-27 00:52:52 |DBG| anilist > Fetching manga collection
2025-10-27 00:52:52 |TRC| method=GET status=200 uri=/api/v1/library/collection latency_human="708.128µs"
2025-10-27 00:52:52 |TRC| method=GET status=200 uri=/api/v1/anilist/collection latency_human=3.755709ms
2025-10-27 00:52:52 |TRC| method=GET status=200 uri=/api/v1/library/anime-entry/171046 latency_human="233.389µs"
2025-10-27 00:52:52 |TRC| method=GET status=200 uri=/api/v1/library/missing-episodes latency_human="235.349µs"
2025-10-27 00:52:53 |INF| anilist > Successful Request rlr=28 rtt=297ms
2025-10-27 00:52:53 |TRC| ws > Sending message type=refreshed-anilist-manga-collection
2025-10-27 00:52:53 |TRC| method=GET status=200 uri=/api/v1/library/collection latency_human="476.208µs"
2025-10-27 00:52:53 |TRC| method=GET status=200 uri=/api/v1/anilist/collection latency_human=1.757305ms
2025-10-27 00:52:53 |TRC| method=GET status=200 uri=/api/v1/library/anime-entry/171046 latency_human="316.399µs"
2025-10-27 00:52:53 |TRC| method=GET status=200 uri=/api/v1/library/missing-episodes latency_human="14.18µs"
2025-10-27 01:02:51 |DBG| anilist > Fetching anime collection
2025-10-27 01:02:51 |TRC| ws > Sending message type=check-for-announcements
2025-10-27 01:02:51 |TRC| method=POST status=200 uri=/api/v1/announcements latency_human="464.639µs"
2025-10-27 01:02:52 |INF| anilist > Successful Request rlr=29 rtt=885ms
2025-10-27 01:02:52 |TRC| ws > Sending message type=refreshed-anilist-anime-collection
2025-10-27 01:02:52 |DBG| anilist > Fetching manga collection
2025-10-27 01:02:52 |TRC| method=GET status=200 uri=/api/v1/library/collection latency_human="784.828µs"
2025-10-27 01:02:52 |TRC| method=GET status=200 uri=/api/v1/anilist/collection latency_human=3.968991ms
2025-10-27 01:02:52 |TRC| method=GET status=200 uri=/api/v1/library/anime-entry/171046 latency_human="364.079µs"
2025-10-27 01:02:52 |TRC| method=GET status=200 uri=/api/v1/library/missing-episodes latency_human="234.25µs"
2025-10-27 01:02:53 |INF| anilist > Successful Request rlr=28 rtt=287ms
2025-10-27 01:02:53 |TRC| ws > Sending message type=refreshed-anilist-manga-collection
2025-10-27 01:02:53 |TRC| method=GET status=200 uri=/api/v1/library/collection latency_human="448.509µs"
2025-10-27 01:02:53 |TRC| method=GET status=200 uri=/api/v1/anilist/collection latency_human=1.319077ms
2025-10-27 01:02:53 |TRC| method=GET status=200 uri=/api/v1/library/anime-entry/171046 latency_human="435.969µs"
2025-10-27 01:02:53 |TRC| method=GET status=200 uri=/api/v1/library/missing-episodes latency_human="31.98µs"
2025-10-27 01:12:51 |DBG| anilist > Fetching anime collection
2025-10-27 01:12:52 |TRC| ws > Sending message type=check-for-announcements
2025-10-27 01:12:52 |TRC| method=POST status=200 uri=/api/v1/announcements latency_human="587.719µs"
2025-10-27 01:12:52 |INF| anilist > Successful Request rlr=29 rtt=855ms
2025-10-27 01:12:52 |TRC| ws > Sending message type=refreshed-anilist-anime-collection
2025-10-27 01:12:52 |DBG| anilist > Fetching manga collection
2025-10-27 01:12:52 |TRC| method=GET status=200 uri=/api/v1/library/collection latency_human="843.998µs"
2025-10-27 01:12:52 |TRC| method=GET status=200 uri=/api/v1/anilist/collection latency_human=1.515697ms
2025-10-27 01:12:52 |TRC| method=GET status=200 uri=/api/v1/library/anime-entry/171046 latency_human="479.219µs"
2025-10-27 01:12:52 |TRC| method=GET status=200 uri=/api/v1/library/missing-episodes latency_human="218.91µs"
2025-10-27 01:12:53 |INF| anilist > Successful Request rlr=28 rtt=293ms
2025-10-27 01:12:53 |TRC| ws > Sending message type=refreshed-anilist-manga-collection
2025-10-27 01:12:53 |TRC| method=GET status=200 uri=/api/v1/library/collection latency_human="411.2µs"
2025-10-27 01:12:53 |TRC| method=GET status=200 uri=/api/v1/anilist/collection latency_human=1.523977ms
2025-10-27 01:12:53 |TRC| method=GET status=200 uri=/api/v1/library/anime-entry/171046 latency_human="476.769µs"
2025-10-27 01:12:53 |TRC| method=GET status=200 uri=/api/v1/library/missing-episodes latency_human="16.22µs"
2025-10-27 01:22:51 |TRC| ws > Sending message type=check-for-updates
2025-10-27 01:22:51 |DBG| anilist > Fetching anime collection
2025-10-27 01:22:52 |TRC| ws > Sending message type=check-for-announcements
2025-10-27 01:22:52 |TRC| method=POST status=200 uri=/api/v1/announcements latency_human="433.931µs"
2025-10-27 01:22:52 |TRC| method=GET status=200 uri=/api/v1/latest-update latency_human=426.757899ms
2025-10-27 01:22:52 |WRN| anilist > Successful Request (slow) rlr=29 rtt=904ms
2025-10-27 01:22:52 |TRC| ws > Sending message type=refreshed-anilist-anime-collection
2025-10-27 01:22:52 |DBG| anilist > Fetching manga collection
2025-10-27 01:22:52 |TRC| method=GET status=200 uri=/api/v1/library/collection latency_human="599.657µs"
2025-10-27 01:22:52 |TRC| method=GET status=200 uri=/api/v1/anilist/collection latency_human=4.338008ms
2025-10-27 01:22:52 |TRC| method=GET status=200 uri=/api/v1/library/anime-entry/171046 latency_human="325.493µs"
2025-10-27 01:22:52 |TRC| method=GET status=200 uri=/api/v1/library/missing-episodes latency_human="191.126µs"
2025-10-27 01:22:53 |INF| anilist > Successful Request rlr=28 rtt=287ms
2025-10-27 01:22:53 |TRC| ws > Sending message type=refreshed-anilist-manga-collection
2025-10-27 01:22:53 |TRC| method=GET status=200 uri=/api/v1/library/collection latency_human="516.549µs"
2025-10-27 01:22:53 |TRC| method=GET status=200 uri=/api/v1/anilist/collection latency_human=2.110106ms
2025-10-27 01:22:53 |TRC| method=GET status=200 uri=/api/v1/library/anime-entry/171046 latency_human="407.841µs"
2025-10-27 01:22:53 |TRC| method=GET status=200 uri=/api/v1/library/missing-episodes latency_human="11.42µs"
2025-10-27 01:32:51 |DBG| anilist > Fetching anime collection
2025-10-27 01:32:52 |TRC| ws > Sending message type=check-for-announcements
2025-10-27 01:32:52 |TRC| method=POST status=200 uri=/api/v1/announcements latency_human=1.057099ms
2025-10-27 01:32:52 |INF| anilist > Successful Request rlr=29 rtt=865ms
2025-10-27 01:32:52 |TRC| ws > Sending message type=refreshed-anilist-anime-collection
2025-10-27 01:32:52 |DBG| anilist > Fetching manga collection
2025-10-27 01:32:53 |INF| anilist > Successful Request rlr=28 rtt=286ms
2025-10-27 01:32:53 |TRC| ws > Sending message type=refreshed-anilist-manga-collection
2025-10-27 01:32:53 |TRC| method=GET status=200 uri=/api/v1/library/collection latency_human=302.246173ms
2025-10-27 01:32:53 |TRC| method=GET status=200 uri=/api/v1/library/collection latency_human="537.264µs"
2025-10-27 01:32:53 |TRC| method=GET status=200 uri=/api/v1/anilist/collection latency_human=1.93539ms
2025-10-27 01:32:53 |TRC| method=GET status=200 uri=/api/v1/library/anime-entry/171046 latency_human="447.446µs"
2025-10-27 01:32:53 |TRC| method=GET status=200 uri=/api/v1/anilist/collection latency_human=1.075378ms
2025-10-27 01:32:53 |TRC| method=GET status=200 uri=/api/v1/library/missing-episodes latency_human="189.628µs"
2025-10-27 01:32:53 |TRC| method=GET status=200 uri=/api/v1/library/anime-entry/171046 latency_human="363.026µs"
2025-10-27 01:32:53 |TRC| method=GET status=200 uri=/api/v1/library/missing-episodes latency_human="22.029µs"
2025-10-27 01:42:51 |DBG| anilist > Fetching anime collection
2025-10-27 01:42:51 |TRC| ws > Sending message type=check-for-announcements
2025-10-27 01:42:52 |TRC| method=POST status=200 uri=/api/v1/announcements latency_human="449.317µs"
2025-10-27 01:42:52 |INF| anilist > Successful Request rlr=29 rtt=831ms
2025-10-27 01:42:52 |TRC| ws > Sending message type=refreshed-anilist-anime-collection
2025-10-27 01:42:52 |DBG| anilist > Fetching manga collection
2025-10-27 01:42:52 |TRC| method=GET status=200 uri=/api/v1/library/collection latency_human="856.054µs"
2025-10-27 01:42:52 |TRC| method=GET status=200 uri=/api/v1/anilist/collection latency_human=1.082172ms
2025-10-27 01:42:52 |TRC| method=GET status=200 uri=/api/v1/library/anime-entry/171046 latency_human="337.928µs"
2025-10-27 01:42:52 |TRC| method=GET status=200 uri=/api/v1/library/missing-episodes latency_human="194.529µs"
2025-10-27 01:42:53 |INF| anilist > Successful Request rlr=28 rtt=277ms
2025-10-27 01:42:53 |TRC| ws > Sending message type=refreshed-anilist-manga-collection
2025-10-27 01:42:53 |TRC| method=GET status=200 uri=/api/v1/library/collection latency_human="446.077µs"
2025-10-27 01:42:53 |TRC| method=GET status=200 uri=/api/v1/anilist/collection latency_human=1.807957ms
2025-10-27 01:42:53 |TRC| method=GET status=200 uri=/api/v1/library/anime-entry/171046 latency_human="197.829µs"
2025-10-27 01:42:53 |TRC| method=GET status=200 uri=/api/v1/library/missing-episodes latency_human="11.25µs"
2025-10-27 01:52:51 |DBG| anilist > Fetching anime collection
2025-10-27 01:52:51 |TRC| ws > Sending message type=check-for-announcements
2025-10-27 01:52:51 |TRC| method=POST status=200 uri=/api/v1/announcements latency_human="438.157µs"
2025-10-27 01:52:52 |INF| anilist > Successful Request rlr=29 rtt=848ms
2025-10-27 01:52:52 |TRC| ws > Sending message type=refreshed-anilist-anime-collection
2025-10-27 01:52:52 |DBG| anilist > Fetching manga collection
2025-10-27 01:52:52 |TRC| method=GET status=200 uri=/api/v1/library/collection latency_human="533.977µs"
2025-10-27 01:52:52 |TRC| method=GET status=200 uri=/api/v1/anilist/collection latency_human=3.953566ms
2025-10-27 01:52:52 |TRC| method=GET status=200 uri=/api/v1/library/anime-entry/171046 latency_human="297.018µs"
2025-10-27 01:52:52 |TRC| method=GET status=200 uri=/api/v1/library/missing-episodes latency_human="190.668µs"
2025-10-27 01:52:53 |INF| anilist > Successful Request rlr=28 rtt=296ms
2025-10-27 01:52:53 |TRC| ws > Sending message type=refreshed-anilist-manga-collection
2025-10-27 01:52:53 |TRC| method=GET status=200 uri=/api/v1/library/collection latency_human="672.766µs"
2025-10-27 01:52:53 |TRC| method=GET status=200 uri=/api/v1/anilist/collection latency_human=1.268432ms
2025-10-27 01:52:53 |TRC| method=GET status=200 uri=/api/v1/library/anime-entry/171046 latency_human="321.808µs"
2025-10-27 01:52:53 |TRC| method=GET status=200 uri=/api/v1/library/missing-episodes latency_human="13.71µs"
2025-10-27 02:02:51 |DBG| anilist > Fetching anime collection
2025-10-27 02:02:51 |TRC| ws > Sending message type=check-for-announcements
2025-10-27 02:02:51 |TRC| method=POST status=200 uri=/api/v1/announcements latency_human="418.47µs"
2025-10-27 02:02:52 |INF| anilist > Successful Request rlr=29 rtt=879ms
2025-10-27 02:02:52 |TRC| ws > Sending message type=refreshed-anilist-anime-collection
2025-10-27 02:02:52 |DBG| anilist > Fetching manga collection
2025-10-27 02:02:52 |TRC| method=GET status=200 uri=/api/v1/library/collection latency_human="532.47µs"
2025-10-27 02:02:52 |TRC| method=GET status=200 uri=/api/v1/anilist/collection latency_human=5.409911ms
2025-10-27 02:02:52 |TRC| method=GET status=200 uri=/api/v1/library/anime-entry/171046 latency_human="440.15µs"
2025-10-27 02:02:52 |TRC| method=GET status=200 uri=/api/v1/library/missing-episodes latency_human="298.2µs"
2025-10-27 02:02:53 |INF| anilist > Successful Request rlr=28 rtt=293ms
2025-10-27 02:02:53 |TRC| ws > Sending message type=refreshed-anilist-manga-collection
2025-10-27 02:02:53 |TRC| method=GET status=200 uri=/api/v1/library/collection latency_human="476.84µs"
2025-10-27 02:02:53 |TRC| method=GET status=200 uri=/api/v1/anilist/collection latency_human=1.466121ms
2025-10-27 02:02:53 |TRC| method=GET status=200 uri=/api/v1/library/anime-entry/171046 latency_human="421.851µs"
2025-10-27 02:02:53 |TRC| method=GET status=200 uri=/api/v1/library/missing-episodes latency_human="14.65µs"
2025-10-27 02:12:51 |DBG| anilist > Fetching anime collection
2025-10-27 02:12:52 |TRC| ws > Sending message type=check-for-announcements
2025-10-27 02:12:52 |TRC| method=POST status=200 uri=/api/v1/announcements latency_human="549.848µs"
2025-10-27 02:12:52 |INF| anilist > Successful Request rlr=29 rtt=827ms
2025-10-27 02:12:52 |TRC| ws > Sending message type=refreshed-anilist-anime-collection
2025-10-27 02:12:52 |DBG| anilist > Fetching manga collection
2025-10-27 02:12:52 |TRC| method=GET status=200 uri=/api/v1/library/collection latency_human="599.108µs"
2025-10-27 02:12:52 |TRC| method=GET status=200 uri=/api/v1/anilist/collection latency_human=3.226251ms
2025-10-27 02:12:52 |TRC| method=GET status=200 uri=/api/v1/library/anime-entry/171046 latency_human="213.859µs"
2025-10-27 02:12:52 |TRC| method=GET status=200 uri=/api/v1/library/missing-episodes latency_human="177.44µs"
2025-10-27 02:12:53 |INF| anilist > Successful Request rlr=28 rtt=292ms
2025-10-27 02:12:53 |TRC| ws > Sending message type=refreshed-anilist-manga-collection
2025-10-27 02:12:53 |TRC| method=GET status=200 uri=/api/v1/library/collection latency_human="464.919µs"
2025-10-27 02:12:53 |TRC| method=GET status=200 uri=/api/v1/anilist/collection latency_human=1.453726ms
2025-10-27 02:12:53 |TRC| method=GET status=200 uri=/api/v1/library/anime-entry/171046 latency_human="388.058µs"
2025-10-27 02:12:53 |TRC| method=GET status=200 uri=/api/v1/library/missing-episodes latency_human="25.319µs"
2025-10-27 02:22:51 |DBG| anilist > Fetching anime collection
2025-10-27 02:22:51 |TRC| ws > Sending message type=check-for-updates
2025-10-27 02:22:52 |TRC| ws > Sending message type=check-for-announcements
2025-10-27 02:22:52 |TRC| method=POST status=200 uri=/api/v1/announcements latency_human="415.418µs"
2025-10-27 02:22:52 |TRC| method=GET status=200 uri=/api/v1/latest-update latency_human=452.543351ms
2025-10-27 02:22:52 |WRN| anilist > Successful Request (slow) rlr=29 rtt=964ms
2025-10-27 02:22:52 |TRC| ws > Sending message type=refreshed-anilist-anime-collection
2025-10-27 02:22:52 |DBG| anilist > Fetching manga collection
2025-10-27 02:22:52 |TRC| method=GET status=200 uri=/api/v1/library/collection latency_human="777.667µs"
2025-10-27 02:22:52 |TRC| method=GET status=200 uri=/api/v1/anilist/collection latency_human=2.825539ms
2025-10-27 02:22:52 |TRC| method=GET status=200 uri=/api/v1/library/anime-entry/171046 latency_human="312.359µs"
2025-10-27 02:22:52 |TRC| method=GET status=200 uri=/api/v1/library/missing-episodes latency_human="183.079µs"
2025-10-27 02:22:53 |INF| anilist > Successful Request rlr=28 rtt=330ms
2025-10-27 02:22:53 |TRC| ws > Sending message type=refreshed-anilist-manga-collection
2025-10-27 02:22:53 |TRC| method=GET status=200 uri=/api/v1/library/collection latency_human="504.728µs"
2025-10-27 02:22:53 |TRC| method=GET status=200 uri=/api/v1/anilist/collection latency_human=1.707964ms
2025-10-27 02:22:53 |TRC| method=GET status=200 uri=/api/v1/library/anime-entry/171046 latency_human="357.028µs"
2025-10-27 02:22:53 |TRC| method=GET status=200 uri=/api/v1/library/missing-episodes latency_human="14.269µs"
2025-10-27 02:32:51 |DBG| anilist > Fetching anime collection
2025-10-27 02:32:51 |TRC| ws > Sending message type=check-for-announcements
2025-10-27 02:32:52 |TRC| method=POST status=200 uri=/api/v1/announcements latency_human="730.401µs"
2025-10-27 02:32:52 |INF| anilist > Successful Request rlr=29 rtt=887ms
2025-10-27 02:32:52 |TRC| ws > Sending message type=refreshed-anilist-anime-collection
2025-10-27 02:32:52 |DBG| anilist > Fetching manga collection
2025-10-27 02:32:52 |TRC| method=GET status=200 uri=/api/v1/library/collection latency_human="524.212µs"
2025-10-27 02:32:52 |TRC| method=GET status=200 uri=/api/v1/anilist/collection latency_human=2.988916ms
2025-10-27 02:32:52 |TRC| method=GET status=200 uri=/api/v1/library/anime-entry/171046 latency_human="318.98µs"
2025-10-27 02:32:52 |TRC| method=GET status=200 uri=/api/v1/library/missing-episodes latency_human="226.6µs"
2025-10-27 02:32:53 |INF| anilist > Successful Request rlr=28 rtt=293ms
2025-10-27 02:32:53 |TRC| ws > Sending message type=refreshed-anilist-manga-collection
2025-10-27 02:32:53 |TRC| method=GET status=200 uri=/api/v1/library/collection latency_human=332.803006ms
2025-10-27 02:32:53 |TRC| method=GET status=200 uri=/api/v1/anilist/collection latency_human=1.653483ms
2025-10-27 02:32:53 |TRC| method=GET status=200 uri=/api/v1/library/anime-entry/171046 latency_human="540.161µs"
2025-10-27 02:32:53 |TRC| method=GET status=200 uri=/api/v1/library/missing-episodes latency_human="17.71µs"
2025-10-27 02:42:51 |DBG| anilist > Fetching anime collection
2025-10-27 02:42:52 |TRC| ws > Sending message type=check-for-announcements
2025-10-27 02:42:52 |TRC| method=POST status=200 uri=/api/v1/announcements latency_human="425.199µs"
2025-10-27 02:42:53 |WRN| anilist > Successful Request (slow) rlr=29 rtt=1.585s
2025-10-27 02:42:53 |TRC| ws > Sending message type=refreshed-anilist-anime-collection
2025-10-27 02:42:53 |DBG| anilist > Fetching manga collection
2025-10-27 02:42:53 |TRC| method=GET status=200 uri=/api/v1/library/collection latency_human=1.041748ms
2025-10-27 02:42:53 |TRC| method=GET status=200 uri=/api/v1/anilist/collection latency_human=1.316478ms
2025-10-27 02:42:53 |TRC| method=GET status=200 uri=/api/v1/library/anime-entry/171046 latency_human="677.629µs"
2025-10-27 02:42:53 |TRC| method=GET status=200 uri=/api/v1/library/missing-episodes latency_human="454.15µs"
2025-10-27 02:42:53 |INF| anilist > Successful Request rlr=28 rtt=331ms
2025-10-27 02:42:53 |TRC| ws > Sending message type=refreshed-anilist-manga-collection
2025-10-27 02:42:53 |TRC| method=GET status=200 uri=/api/v1/library/collection latency_human="531.819µs"
2025-10-27 02:42:53 |TRC| method=GET status=200 uri=/api/v1/anilist/collection latency_human=2.851236ms
2025-10-27 02:42:53 |TRC| method=GET status=200 uri=/api/v1/library/anime-entry/171046 latency_human="552.989µs"
2025-10-27 02:42:53 |TRC| method=GET status=200 uri=/api/v1/library/missing-episodes latency_human="17.57µs"
