2025-10-23 19:55:07 |INF| app > Seanime 2.9.10-Natsu
2025-10-23 19:55:07 |INF| app > OS: linux
2025-10-23 19:55:07 |INF| app > Arch: amd64
2025-10-23 19:55:07 |INF| app > Processor count: 16
2025-10-23 19:55:07 |DBG| app > Initializing config
2025-10-23 19:55:07 |INF| app > Data directory: /home/nupi/.config/Seanime
2025-10-23 19:55:07 |INF| app > Working directory: /home/nupi/Seanime
2025-10-23 19:55:07 |INF| db > Database instantiated name=seanime.db
2025-10-23 19:55:07 |DBG| extensions > Loaded built-in manga provider extension id=comick
2025-10-23 19:55:07 |DBG| extensions > Loaded built-in extension id=comick
2025-10-23 19:55:07 |TRC| ws > Sending message type=extensions-reloaded
2025-10-23 19:55:07 |DBG| extensions > Loaded built-in manga provider extension id=comick-multi
2025-10-23 19:55:07 |DBG| extensions > Loaded built-in extension id=comick-multi
2025-10-23 19:55:07 |TRC| ws > Sending message type=extensions-reloaded
2025-10-23 19:55:07 |DBG| extensions > Loaded built-in manga provider extension id=mangapill
2025-10-23 19:55:07 |DBG| extensions > Loaded built-in extension id=mangapill
2025-10-23 19:55:07 |TRC| ws > Sending message type=extensions-reloaded
2025-10-23 19:55:07 |DBG| extensions > Loaded built-in manga provider extension id=weebcentral
2025-10-23 19:55:07 |DBG| extensions > Loaded built-in extension id=weebcentral
2025-10-23 19:55:07 |TRC| ws > Sending message type=extensions-reloaded
2025-10-23 19:55:07 |DBG| extensions > Loaded built-in manga provider extension id=mangadex
2025-10-23 19:55:07 |DBG| extensions > Loaded built-in extension id=mangadex
2025-10-23 19:55:07 |TRC| ws > Sending message type=extensions-reloaded
2025-10-23 19:55:07 |DBG| extensions > Loaded built-in manga provider extension id=local-manga
2025-10-23 19:55:07 |DBG| extensions > Loaded built-in extension id=local-manga
2025-10-23 19:55:07 |TRC| ws > Sending message type=extensions-reloaded
2025-10-23 19:55:07 |TRC| goja runtime > Pre-warming pool size=5
2025-10-23 19:55:07 |DBG| extensions > Loaded built-in onlinestream provider extension id=animepahe
2025-10-23 19:55:07 |DBG| extensions > Loaded built-in extension id=animepahe
2025-10-23 19:55:07 |TRC| ws > Sending message type=extensions-reloaded
2025-10-23 19:55:07 |DBG| extensions > Loaded built-in anime torrent provider extension id=nyaa
2025-10-23 19:55:07 |DBG| extensions > Loaded built-in extension id=nyaa
2025-10-23 19:55:07 |TRC| ws > Sending message type=extensions-reloaded
2025-10-23 19:55:07 |DBG| extensions > Loaded built-in anime torrent provider extension id=nyaa-non-eng
2025-10-23 19:55:07 |DBG| extensions > Loaded built-in extension id=nyaa-non-eng
2025-10-23 19:55:07 |TRC| ws > Sending message type=extensions-reloaded
2025-10-23 19:55:07 |DBG| extensions > Loaded built-in anime torrent provider extension id=nyaa-sukebei
2025-10-23 19:55:07 |DBG| extensions > Loaded built-in extension id=nyaa-sukebei
2025-10-23 19:55:07 |TRC| ws > Sending message type=extensions-reloaded
2025-10-23 19:55:07 |DBG| extensions > Loaded built-in anime torrent provider extension id=animetosho
2025-10-23 19:55:07 |DBG| extensions > Loaded built-in extension id=animetosho
2025-10-23 19:55:07 |TRC| ws > Sending message type=extensions-reloaded
2025-10-23 19:55:07 |DBG| extensions > Loaded built-in anime torrent provider extension id=seadex
2025-10-23 19:55:07 |DBG| extensions > Loaded built-in extension id=seadex
2025-10-23 19:55:07 |TRC| ws > Sending message type=extensions-reloaded
2025-10-23 19:55:07 |TRC| extensions > Loading external extensions
2025-10-23 19:55:07 |TRC| extensions > Interrupting Goja VMs
2025-10-23 19:55:07 |DBG| extensions > Killed Goja VMs count=0
2025-10-23 19:55:07 |TRC| extensions > Unloading external extensions
2025-10-23 19:55:07 |DBG| extensions > Unloaded external extensions count=0
2025-10-23 19:55:07 |DBG| extensions > Loaded external extensions
2025-10-23 19:55:07 |TRC| ws > Sending message type=extensions-reloaded
2025-10-23 19:55:07 |TRC| extensions > Checking for updates
2025-10-23 19:55:07 |DBG| extensions > Retrieved update info haveUpdates=0
2025-10-23 19:55:07 |INF| local platform > Database instantiated name=local.db
2025-10-23 19:55:07 |WRN| app > Anilist client is not authenticated, using simulated platform
2025-10-23 19:55:07 |INF| continuity > Initialized manager
2025-10-23 19:55:07 |DBG| manga downloader > Reading download directory
2025-10-23 19:55:07 |DBG| app > Refreshing modules
2025-10-23 19:55:07 |TRC| ws > Sending message type=refreshed-manga-download-data
2025-10-23 19:55:07 |WRN| app > Did not initialize media player module, no settings found
2025-10-23 19:55:07 |WRN| app > Did not initialize torrent client module, no settings found
2025-10-23 19:55:07 |INF| app > Refreshed modules
2025-10-23 19:55:07 |DBG| manga > Initialized provider extension bank
2025-10-23 19:55:07 |DBG| onlinestream > Initialized provider extension bank
2025-10-23 19:55:07 |DBG| torrent repo > Initialized anime provider extension bank
2025-10-23 19:55:07 |DBG| app > Fetching Anilist data
2025-10-23 19:55:07 |INF| app > Authenticated to AniList
2025-10-23 19:55:07 |INF| app > Fetched Anilist data
2025-10-23 19:55:07 |TRC| simulated platform > Refreshing anime collection
2025-10-23 19:55:07 |DBG| db > Media streaming settings saved
2025-10-23 19:55:07 |INF| mediastream > Module initialized
2025-10-23 19:55:07 |TRC| ws > Sending message type=refreshed-anilist-anime-collection
2025-10-23 19:55:07 |TRC| ws > Sending message type=server-ready
2025-10-23 19:55:07 |TRC| simulated platform > Refreshing manga collection
2025-10-23 19:55:07 |DBG| db > Torrent streaming settings saved
2025-10-23 19:55:07 |INF| torrentstream > Module is disabled
2025-10-23 19:55:07 |DBG| torrentstream > Shutting down module
2025-10-23 19:55:08 |TRC| ws > Sending message type=refreshed-anilist-manga-collection
2025-10-23 19:55:08 |DBG| db > Debrid settings saved
2025-10-23 19:55:08 |INF| app > Serving embedded web interface
2025-10-23 19:55:08 |INF| app > Web assets path: /home/nupi/.config/Seanime/assets
2025-10-23 19:55:08 |INF| app > Manga downloads path: /home/nupi/.config/Seanime/manga
2025-10-23 19:55:08 |INF| app > Offline assets path: /home/nupi/.config/Seanime/offline/assets
2025-10-23 19:55:08 |INF| app > Server Address: 127.0.0.1:43211
2025-10-23 19:55:08 |TRC| ws > Sending message type=check-for-announcements
2025-10-23 19:55:08 |INF| app > Seanime started at http://127.0.0.1:43211
2025-10-23 19:55:08 |DBG| animetosho > Loaded Sneedex Nyaa IDs count=1460
2025-10-23 19:55:26 |DBG| ws > Client connected id=ad9a0b15-ab7b-439b-885e-93ea4cd5f237
2025-10-23 19:55:26 |TRC| method=GET status=200 uri=/api/v1/status latency_human=2.737359ms
2025-10-23 19:55:47 |TRC| method=POST status=200 uri=/api/v1/directory-selector latency_human="218.787µs"
2025-10-23 19:57:58 |DBG| ws > Client connected id=4720b824-8bc5-47d9-acf5-3648744948ec
2025-10-23 19:57:58 |TRC| method=GET status=200 uri=/api/v1/status latency_human=2.831501ms
2025-10-23 19:58:00 |DBG| ws > Client disconnection id=4720b824-8bc5-47d9-acf5-3648744948ec
2025-10-23 20:05:08 |TRC| ws > Sending message type=check-for-announcements
2025-10-23 20:11:24 |DBG| db > Settings saved
2025-10-23 20:11:24 |DBG| db > Media streaming settings saved
2025-10-23 20:11:24 |DBG| db > Torrent streaming settings saved
2025-10-23 20:11:24 |DBG| app > Refreshing modules
2025-10-23 20:11:24 |TRC| torrent repo > Setting settings
2025-10-23 20:11:24 |INF| discordrpc > Discord Rich Presence enabled
2025-10-23 20:11:24 |INF| watcher > Watching directories: [/home/nupi/Data/Anime Library/]
2025-10-23 20:11:24 |INF| watcher > Library size: 0 B
2025-10-23 20:11:24 |DBG| discordrpc > RPC client initialized and event loop started
2025-10-23 20:11:24 |DBG| nakama > Settings updated isHost=false remoteURL= username=Peer_y47lj3c9
2025-10-23 20:11:24 |INF| app > Refreshed modules
2025-10-23 20:11:24 |TRC| method=POST status=200 uri=/api/v1/start latency_human=31.927609ms
2025-10-23 20:11:24 |TRC| method=GET status=200 uri=/api/v1/status latency_human="225.978µs"
2025-10-23 20:11:24 |INF| app > Logged in to qBittorrent
2025-10-23 20:11:24 |TRC| simulated platform > Getting manga collection bypassCache=false
2025-10-23 20:11:24 |TRC| method=GET status=200 uri=/api/v1/manga/collection latency_human="397.007µs"
2025-10-23 20:11:24 |TRC| method=GET status=200 uri=/api/v1/extensions/list latency_human="236.768µs"
2025-10-23 20:11:24 |TRC| method=GET status=200 uri=/api/v1/extensions/plugin-settings latency_human="184.409µs"
2025-10-23 20:11:24 |TRC| method=GET status=200 uri=/api/v1/extensions/list/development latency_human="14.67µs"
2025-10-23 20:11:24 |TRC| method=GET status=200 uri=/api/v1/extensions/updates latency_human="46.529µs"
2025-10-23 20:11:24 |TRC| method=GET status=200 uri=/api/v1/continuity/history latency_human="163.569µs"
2025-10-23 20:11:24 |TRC| simulated platform > Getting anime collection bypassCache=false
2025-10-23 20:11:24 |TRC| simulated platform > Getting anime collection bypassCache=false
2025-10-23 20:11:24 |TRC| method=GET status=200 uri=/api/v1/anilist/collection latency_human="58.029µs"
2025-10-23 20:11:24 |TRC| simulated platform > Getting anime collection bypassCache=false
2025-10-23 20:11:24 |TRC| method=GET status=200 uri=/api/v1/auto-downloader/items latency_human="428.367µs"
2025-10-23 20:11:24 |TRC| method=POST status=200 uri=/api/v1/announcements latency_human="243.618µs"
2025-10-23 20:11:24 |TRC| method=GET status=200 uri=/api/v1/library/collection latency_human=2.595472ms
2025-10-23 20:11:24 |TRC| method=GET status=200 uri=/api/v1/library/missing-episodes latency_human=1.46143ms
2025-10-23 20:11:24 |TRC| method=GET status=200 uri=/api/v1/continuity/history latency_human="126.819µs"
2025-10-23 20:11:25 |TRC| method=GET status=200 uri=/api/v1/latest-update latency_human=367.962173ms
2025-10-23 20:11:25 |TRC| anilist > Successful Request rlr=89 rtt=529ms
2025-10-23 20:11:25 |TRC| method=POST status=200 uri=/api/v1/anilist/list-anime latency_human=530.452989ms
2025-10-23 20:12:08 |DBG| anilist > Fetching viewer
2025-10-23 20:12:09 |INF| anilist > Successful Request rlr=88 rtt=182ms
2025-10-23 20:12:09 |INF| app > Authenticated to AniList
2025-10-23 20:12:09 |DBG| app > Fetching Anilist data
2025-10-23 20:12:09 |INF| app > Authenticated to AniList
2025-10-23 20:12:09 |INF| app > Fetched Anilist data
2025-10-23 20:12:09 |DBG| app > Refreshing modules
2025-10-23 20:12:09 |DBG| anilist > Fetching anime collection
2025-10-23 20:12:09 |TRC| watcher > Watcher stopped
2025-10-23 20:12:09 |TRC| torrent repo > Setting settings
2025-10-23 20:12:09 |DBG| discordrpc > Event loop stopped
2025-10-23 20:12:09 |DBG| torrentstream > Media player context cancelled
2025-10-23 20:12:09 |INF| discordrpc > Discord Rich Presence enabled
2025-10-23 20:12:09 |INF| watcher > Watching directories: [/home/nupi/Data/Anime Library/]
2025-10-23 20:12:09 |INF| watcher > Library size: 0 B
2025-10-23 20:12:09 |DBG| discordrpc > RPC client initialized and event loop started
2025-10-23 20:12:09 |DBG| nakama > Settings updated isHost=false remoteURL= username=Peer_vfxq4iuw
2025-10-23 20:12:09 |INF| app > Refreshed modules
2025-10-23 20:12:09 |TRC| method=POST status=200 uri=/api/v1/auth/login latency_human=194.820496ms
2025-10-23 20:12:09 |INF| torrentstream > Initialized torrent client on port 43213
2025-10-23 20:12:09 |TRC| torrentstream > Dropping all torrents
2025-10-23 20:12:09 |DBG| torrentstream > Dropped all torrents
2025-10-23 20:12:09 |INF| torrentstream > Module initialized
2025-10-23 20:12:09 |DBG| transcoder > Hardware acceleration: disabled
2025-10-23 20:12:09 |INF| transcoder > Initialized
2025-10-23 20:12:09 |INF| mediastream > Transcoder module initialized
2025-10-23 20:12:09 |INF| mediastream > Module initialized
2025-10-23 20:12:09 |DBG| anilist > Fetching anime collection
2025-10-23 20:12:09 |INF| app > Logged in to qBittorrent
2025-10-23 20:12:09 |INF| anilist > Successful Request rlr=87 rtt=791ms
2025-10-23 20:12:09 |TRC| ws > Sending message type=refreshed-anilist-anime-collection
2025-10-23 20:12:09 |TRC| ws > Sending message type=server-ready
2025-10-23 20:12:09 |DBG| anilist > Fetching manga collection
2025-10-23 20:12:09 |INF| anilist > Successful Request rlr=86 rtt=781ms
2025-10-23 20:12:09 |TRC| method=GET status=200 uri=/api/v1/library/collection latency_human=782.117601ms
2025-10-23 20:12:09 |TRC| method=GET status=200 uri=/api/v1/library/collection latency_human="88.879µs"
2025-10-23 20:12:09 |TRC| method=GET status=200 uri=/api/v1/status latency_human="83.759µs"
2025-10-23 20:12:09 |TRC| method=GET status=200 uri=/api/v1/anilist/collection latency_human=1.275992ms
2025-10-23 20:12:09 |TRC| method=GET status=200 uri=/api/v1/anilist/collection latency_human=1.013973ms
2025-10-23 20:12:09 |DBG| anilist > Fetching manga collection
2025-10-23 20:12:09 |TRC| method=GET status=200 uri=/api/v1/library/missing-episodes latency_human="133.339µs"
2025-10-23 20:12:10 |INF| anilist > Successful Request rlr=84 rtt=319ms
2025-10-23 20:12:10 |INF| anilist > Successful Request rlr=85 rtt=329ms
2025-10-23 20:12:10 |TRC| method=GET status=200 uri=/api/v1/manga/collection latency_human=319.620641ms
2025-10-23 20:12:10 |TRC| ws > Sending message type=refreshed-anilist-manga-collection
2025-10-23 20:12:10 |TRC| method=GET status=200 uri=/api/v1/library/missing-episodes latency_human="30.8µs"
2025-10-23 20:12:10 |TRC| method=POST status=200 uri=/api/v1/anilist/list-anime latency_human="235.789µs"
2025-10-23 20:12:10 |TRC| method=GET status=200 uri=/api/v1/continuity/history latency_human="163.389µs"
2025-10-23 20:12:10 |TRC| method=GET status=200 uri=/api/v1/library/collection latency_human="259.508µs"
2025-10-23 20:12:15 |TRC| method=GET status=200 uri=/api/v1/extensions/list/anime-torrent-provider latency_human="175.779µs"
2025-10-23 20:12:15 |TRC| method=GET status=200 uri=/api/v1/torrentstream/settings latency_human="82.31µs"
2025-10-23 20:12:55 |TRC| method=POST status=200 uri=/api/v1/directory-selector latency_human="110.339µs"
2025-10-23 20:13:07 |TRC| method=GET status=200 uri=/api/v1/mediastream/settings latency_human="161.939µs"
2025-10-23 20:14:54 |TRC| method=GET status=200 uri=/api/v1/debrid/settings latency_human="132.469µs"
2025-10-23 20:15:08 |DBG| anilist > Fetching anime collection
2025-10-23 20:15:08 |TRC| ws > Sending message type=check-for-announcements
2025-10-23 20:15:08 |TRC| method=POST status=200 uri=/api/v1/announcements latency_human="32.27µs"
2025-10-23 20:15:09 |WRN| anilist > Successful Request (slow) rlr=89 rtt=1.077s
2025-10-23 20:15:09 |TRC| ws > Sending message type=refreshed-anilist-anime-collection
2025-10-23 20:15:09 |DBG| anilist > Fetching manga collection
2025-10-23 20:15:09 |TRC| method=GET status=200 uri=/api/v1/library/collection latency_human="144.109µs"
2025-10-23 20:15:09 |TRC| method=GET status=200 uri=/api/v1/anilist/collection latency_human=1.31216ms
2025-10-23 20:15:09 |TRC| method=GET status=200 uri=/api/v1/library/missing-episodes latency_human="131.379µs"
2025-10-23 20:15:09 |INF| anilist > Successful Request rlr=88 rtt=306ms
2025-10-23 20:15:09 |TRC| ws > Sending message type=refreshed-anilist-manga-collection
2025-10-23 20:15:09 |TRC| method=GET status=200 uri=/api/v1/library/collection latency_human="136.389µs"
2025-10-23 20:15:09 |TRC| method=GET status=200 uri=/api/v1/anilist/collection latency_human=1.234961ms
2025-10-23 20:15:09 |TRC| method=GET status=200 uri=/api/v1/library/missing-episodes latency_human="22.64µs"
2025-10-23 20:15:10 |TRC| method=GET status=200 uri=/api/v1/extensions/list/manga-provider latency_human="103.909µs"
2025-10-23 20:15:25 |TRC| method=GET status=200 uri=/api/v1/debrid/settings latency_human="27.84µs"
2025-10-23 20:15:32 |TRC| method=POST status=200 uri=/api/v1/anilist/list-anime latency_human="232.799µs"
2025-10-23 20:15:32 |TRC| method=GET status=200 uri=/api/v1/continuity/history latency_human="158.999µs"
2025-10-23 20:15:32 |TRC| method=GET status=200 uri=/api/v1/library/collection latency_human="213.089µs"
2025-10-23 20:15:36 |TRC| anilist > Successful Request rlr=87 rtt=378ms
2025-10-23 20:15:36 |TRC| method=POST status=200 uri=/api/v1/anilist/list-anime latency_human=379.218096ms
2025-10-23 20:15:56 |TRC| anilist platform > Fetching anime details
2025-10-23 20:15:56 |DBG| anilist > Fetching anime details mediaId=5114
2025-10-23 20:15:57 |TRC| method=GET status=200 uri=/api/v1/library/anime-entry/5114 latency_human=319.715575ms
2025-10-23 20:15:57 |INF| anilist > Successful Request rlr=86 rtt=520ms
2025-10-23 20:15:57 |TRC| method=GET status=200 uri=/api/v1/anilist/media-details/5114 latency_human=521.931113ms
2025-10-23 20:15:57 |TRC| method=GET status=200 uri=/api/v1/continuity/history latency_human="151.009µs"
2025-10-23 20:16:46 |TRC| anilist platform > Updating entry
2025-10-23 20:16:46 |DBG| anilist > Updating media list entry mediaId=5114
2025-10-23 20:16:47 |INF| anilist > Successful Request rlr=89 rtt=248ms
2025-10-23 20:16:47 |DBG| anilist > Fetching anime collection
2025-10-23 20:16:47 |INF| anilist > Successful Request rlr=88 rtt=782ms
2025-10-23 20:16:47 |TRC| ws > Sending message type=refreshed-anilist-anime-collection
2025-10-23 20:16:47 |TRC| method=POST status=200 uri=/api/v1/anilist/list-entry latency_human=1.031434085s
2025-10-23 20:16:47 |TRC| method=GET status=200 uri=/api/v1/library/collection latency_human="174.309µs"
2025-10-23 20:16:47 |TRC| method=GET status=200 uri=/api/v1/library/anime-entry/5114 latency_human="409.667µs"
2025-10-23 20:16:47 |TRC| method=GET status=200 uri=/api/v1/anilist/collection latency_human="938.484µs"
2025-10-23 20:16:47 |TRC| method=GET status=200 uri=/api/v1/library/collection latency_human="137.319µs"
2025-10-23 20:16:48 |TRC| method=GET status=200 uri=/api/v1/library/anime-entry/5114 latency_human="716.585µs"
2025-10-23 20:16:48 |TRC| method=GET status=200 uri=/api/v1/anilist/collection latency_human=1.59104ms
2025-10-23 20:16:48 |TRC| method=GET status=200 uri=/api/v1/library/missing-episodes latency_human="155.459µs"
2025-10-23 20:16:52 |TRC| method=GET status=200 uri=/api/v1/extensions/list/anime-torrent-provider latency_human="57.019µs"
2025-10-23 20:16:52 |DBG| torrent repo > Searching for anime torrents provider=animetosho query= type=smart
2025-10-23 20:16:52 |DBG| animetosho > Searching batches by Anime ID aid=6107
2025-10-23 20:16:52 |DBG| animetosho > Fetching torrents url=https://feed.animetosho.org/json?order=size-d&aid=6107&q=
2025-10-23 20:16:52 |TRC| method=POST status=200 uri=/api/v1/torrent/search latency_human=359.57322ms
2025-10-23 20:16:55 |TRC| method=POST status=200 uri=/api/v1/directory-selector latency_human="113.079µs"
2025-10-23 20:17:02 |TRC| anilist platform > Fetching anime with relations
2025-10-23 20:17:02 |DBG| anilist > Fetching complete media mediaId=5114
2025-10-23 20:17:02 |INF| anilist > Successful Request rlr=87 rtt=311ms
2025-10-23 20:17:02 |TRC| torrent client > Adding magnets magnets=["magnet:?xt=urn:btih:MBJPJPMJHW2BSZ4ATXRA3IJXL2Y2LS4B&tr=http%3A%2F%2Fnyaa.tracker.wf%3A7777%2Fannounce&tr=udp%3A%2F%2Fopen.stealth.si%3A80%2Fannounce&tr=udp%3A%2F%2Ftracker.opentrackr.org%3A1337%2Fannounce&tr=udp%3A%2F%2Ftracker.torrent.eu.org%3A451%2Fannounce&tr=udp%3A%2F%2Ftracker.tiny-vps.com%3A6969%2Fannounce&dn=%5BErai-raws%5D%20Fullmetal%20Alchemist%3A%20Brotherhood%20-%2001%20~%2064%20%5B1080p%20NF%20WEB-DL%20AVC%20AAC%5D%5BMultiSub%5D%20%5BBATCH%5D"]
2025-10-23 20:17:02 |DBG| torrent client > Added torrents
2025-10-23 20:17:02 |TRC| method=POST status=200 uri=/api/v1/torrent-client/download latency_human=312.965337ms
2025-10-23 20:17:05 |DBG| watcher > File created: /home/nupi/Data/Anime Library/Hagane no Renkinjutsushi FULLMETAL ALCHEMIST
2025-10-23 20:25:08 |DBG| anilist > Fetching anime collection
2025-10-23 20:25:08 |TRC| ws > Sending message type=check-for-announcements
2025-10-23 20:25:08 |TRC| method=POST status=200 uri=/api/v1/announcements latency_human="30.281µs"
2025-10-23 20:25:08 |INF| anilist > Successful Request rlr=89 rtt=860ms
2025-10-23 20:25:08 |TRC| ws > Sending message type=refreshed-anilist-anime-collection
2025-10-23 20:25:08 |DBG| anilist > Fetching manga collection
2025-10-23 20:25:08 |TRC| method=GET status=200 uri=/api/v1/library/collection latency_human="167.004µs"
2025-10-23 20:25:08 |TRC| method=GET status=200 uri=/api/v1/anilist/collection latency_human=2.577508ms
2025-10-23 20:25:08 |TRC| method=GET status=200 uri=/api/v1/library/missing-episodes latency_human="129.142µs"
2025-10-23 20:25:09 |INF| anilist > Successful Request rlr=88 rtt=301ms
2025-10-23 20:25:09 |TRC| ws > Sending message type=refreshed-anilist-manga-collection
2025-10-23 20:25:09 |TRC| method=GET status=200 uri=/api/v1/library/collection latency_human="231.984µs"
2025-10-23 20:25:09 |TRC| method=GET status=200 uri=/api/v1/anilist/collection latency_human=1.303344ms
2025-10-23 20:25:09 |TRC| method=GET status=200 uri=/api/v1/library/missing-episodes latency_human="22.84µs"
2025-10-23 20:35:08 |DBG| anilist > Fetching anime collection
2025-10-23 20:35:08 |TRC| ws > Sending message type=check-for-announcements
2025-10-23 20:35:08 |TRC| method=POST status=200 uri=/api/v1/announcements latency_human="125.08µs"
2025-10-23 20:35:09 |INF| anilist > Successful Request rlr=89 rtt=893ms
2025-10-23 20:35:09 |TRC| ws > Sending message type=refreshed-anilist-anime-collection
2025-10-23 20:35:09 |DBG| anilist > Fetching manga collection
2025-10-23 20:35:09 |TRC| method=GET status=200 uri=/api/v1/library/collection latency_human="235.751µs"
2025-10-23 20:35:09 |TRC| method=GET status=200 uri=/api/v1/anilist/collection latency_human=2.238492ms
2025-10-23 20:35:09 |TRC| method=GET status=200 uri=/api/v1/library/missing-episodes latency_human="677.704µs"
2025-10-23 20:35:09 |INF| anilist > Successful Request rlr=88 rtt=301ms
2025-10-23 20:35:09 |TRC| ws > Sending message type=refreshed-anilist-manga-collection
2025-10-23 20:35:09 |TRC| method=GET status=200 uri=/api/v1/library/collection latency_human="232.442µs"
2025-10-23 20:35:09 |TRC| method=GET status=200 uri=/api/v1/anilist/collection latency_human=3.79042ms
2025-10-23 20:35:09 |TRC| method=GET status=200 uri=/api/v1/library/missing-episodes latency_human="22.95µs"
2025-10-23 20:45:08 |DBG| anilist > Fetching anime collection
2025-10-23 20:45:08 |TRC| ws > Sending message type=check-for-announcements
2025-10-23 20:45:08 |TRC| method=POST status=200 uri=/api/v1/announcements latency_human="62.39µs"
2025-10-23 20:45:09 |WRN| anilist > Successful Request (slow) rlr=89 rtt=983ms
2025-10-23 20:45:09 |TRC| ws > Sending message type=refreshed-anilist-anime-collection
2025-10-23 20:45:09 |DBG| anilist > Fetching manga collection
2025-10-23 20:45:09 |TRC| method=GET status=200 uri=/api/v1/library/collection latency_human="241.37µs"
2025-10-23 20:45:09 |TRC| method=GET status=200 uri=/api/v1/anilist/collection latency_human=6.136166ms
2025-10-23 20:45:09 |TRC| method=GET status=200 uri=/api/v1/library/missing-episodes latency_human="546.73µs"
2025-10-23 20:45:09 |INF| anilist > Successful Request rlr=88 rtt=296ms
2025-10-23 20:45:09 |TRC| ws > Sending message type=refreshed-anilist-manga-collection
2025-10-23 20:45:09 |TRC| method=GET status=200 uri=/api/v1/library/collection latency_human="311.741µs"
2025-10-23 20:45:09 |TRC| method=GET status=200 uri=/api/v1/anilist/collection latency_human=1.781232ms
2025-10-23 20:45:09 |TRC| method=GET status=200 uri=/api/v1/library/missing-episodes latency_human="21.19µs"
2025-10-23 20:55:08 |TRC| ws > Sending message type=check-for-updates
2025-10-23 20:55:08 |DBG| anilist > Fetching anime collection
2025-10-23 20:55:08 |TRC| ws > Sending message type=check-for-announcements
2025-10-23 20:55:08 |TRC| method=POST status=200 uri=/api/v1/announcements latency_human="50.57µs"
2025-10-23 20:55:09 |WRN| anilist > Successful Request (slow) rlr=89 rtt=1.021s
2025-10-23 20:55:09 |TRC| ws > Sending message type=refreshed-anilist-anime-collection
2025-10-23 20:55:09 |DBG| anilist > Fetching manga collection
2025-10-23 20:55:09 |TRC| method=GET status=200 uri=/api/v1/library/collection latency_human="222.517µs"
2025-10-23 20:55:09 |TRC| method=GET status=200 uri=/api/v1/anilist/collection latency_human=1.395759ms
2025-10-23 20:55:09 |TRC| method=GET status=200 uri=/api/v1/library/missing-episodes latency_human=2.00336ms
2025-10-23 20:55:09 |TRC| method=GET status=200 uri=/api/v1/latest-update latency_human=1.05421957s
2025-10-23 20:55:09 |INF| anilist > Successful Request rlr=88 rtt=299ms
2025-10-23 20:55:09 |TRC| ws > Sending message type=refreshed-anilist-manga-collection
2025-10-23 20:55:09 |TRC| method=GET status=200 uri=/api/v1/library/collection latency_human="176.467µs"
2025-10-23 20:55:09 |TRC| method=GET status=200 uri=/api/v1/anilist/collection latency_human=3.850951ms
2025-10-23 20:55:09 |TRC| method=GET status=200 uri=/api/v1/library/missing-episodes latency_human="27.26µs"
2025-10-23 21:05:08 |DBG| anilist > Fetching anime collection
2025-10-23 21:05:08 |TRC| ws > Sending message type=check-for-announcements
2025-10-23 21:05:08 |TRC| method=POST status=200 uri=/api/v1/announcements latency_human="101.859µs"
2025-10-23 21:05:09 |WRN| anilist > Successful Request (slow) rlr=89 rtt=922ms
2025-10-23 21:05:09 |TRC| ws > Sending message type=refreshed-anilist-anime-collection
2025-10-23 21:05:09 |DBG| anilist > Fetching manga collection
2025-10-23 21:05:09 |TRC| method=GET status=200 uri=/api/v1/library/collection latency_human="187.998µs"
2025-10-23 21:05:09 |TRC| method=GET status=200 uri=/api/v1/anilist/collection latency_human=1.839927ms
2025-10-23 21:05:09 |TRC| method=GET status=200 uri=/api/v1/library/missing-episodes latency_human="711.435µs"
2025-10-23 21:05:09 |INF| anilist > Successful Request rlr=88 rtt=295ms
2025-10-23 21:05:09 |TRC| ws > Sending message type=refreshed-anilist-manga-collection
2025-10-23 21:05:09 |TRC| method=GET status=200 uri=/api/v1/library/collection latency_human="184.868µs"
2025-10-23 21:05:09 |TRC| method=GET status=200 uri=/api/v1/anilist/collection latency_human=4.058331ms
2025-10-23 21:05:09 |TRC| method=GET status=200 uri=/api/v1/library/missing-episodes latency_human="26.57µs"
2025-10-23 21:15:08 |DBG| anilist > Fetching anime collection
2025-10-23 21:15:08 |TRC| ws > Sending message type=check-for-announcements
2025-10-23 21:15:08 |TRC| method=POST status=200 uri=/api/v1/announcements latency_human="48.74µs"
2025-10-23 21:15:09 |INF| anilist > Successful Request rlr=89 rtt=897ms
2025-10-23 21:15:09 |TRC| ws > Sending message type=refreshed-anilist-anime-collection
2025-10-23 21:15:09 |DBG| anilist > Fetching manga collection
2025-10-23 21:15:09 |TRC| method=GET status=200 uri=/api/v1/library/collection latency_human="231.669µs"
2025-10-23 21:15:09 |TRC| method=GET status=200 uri=/api/v1/anilist/collection latency_human=1.821361ms
2025-10-23 21:15:09 |TRC| method=GET status=200 uri=/api/v1/library/missing-episodes latency_human="339.278µs"
2025-10-23 21:15:09 |INF| anilist > Successful Request rlr=88 rtt=299ms
2025-10-23 21:15:09 |TRC| ws > Sending message type=refreshed-anilist-manga-collection
2025-10-23 21:15:09 |TRC| method=GET status=200 uri=/api/v1/library/collection latency_human="206.679µs"
2025-10-23 21:15:09 |TRC| method=GET status=200 uri=/api/v1/anilist/collection latency_human=1.067165ms
2025-10-23 21:15:09 |TRC| method=GET status=200 uri=/api/v1/library/missing-episodes latency_human="39.99µs"
2025-10-23 21:25:08 |DBG| anilist > Fetching anime collection
2025-10-23 21:25:08 |TRC| ws > Sending message type=check-for-announcements
2025-10-23 21:25:08 |TRC| method=POST status=200 uri=/api/v1/announcements latency_human="40.369µs"
2025-10-23 21:25:08 |INF| anilist > Successful Request rlr=89 rtt=888ms
2025-10-23 21:25:08 |TRC| ws > Sending message type=refreshed-anilist-anime-collection
2025-10-23 21:25:08 |DBG| anilist > Fetching manga collection
2025-10-23 21:25:09 |TRC| method=GET status=200 uri=/api/v1/library/collection latency_human="400.058µs"
2025-10-23 21:25:09 |TRC| method=GET status=200 uri=/api/v1/anilist/collection latency_human=3.700275ms
2025-10-23 21:25:09 |TRC| method=GET status=200 uri=/api/v1/library/missing-episodes latency_human="187.57µs"
2025-10-23 21:25:09 |INF| anilist > Successful Request rlr=88 rtt=306ms
2025-10-23 21:25:09 |TRC| ws > Sending message type=refreshed-anilist-manga-collection
2025-10-23 21:25:09 |TRC| method=GET status=200 uri=/api/v1/library/collection latency_human="447.199µs"
2025-10-23 21:25:09 |TRC| method=GET status=200 uri=/api/v1/anilist/collection latency_human=1.830013ms
2025-10-23 21:25:09 |TRC| method=GET status=200 uri=/api/v1/library/missing-episodes latency_human="66.28µs"
2025-10-23 21:35:08 |DBG| anilist > Fetching anime collection
2025-10-23 21:35:08 |TRC| ws > Sending message type=check-for-announcements
2025-10-23 21:35:08 |TRC| method=POST status=200 uri=/api/v1/announcements latency_human="39.72µs"
2025-10-23 21:35:09 |WRN| anilist > Successful Request (slow) rlr=89 rtt=928ms
2025-10-23 21:35:09 |TRC| ws > Sending message type=refreshed-anilist-anime-collection
2025-10-23 21:35:09 |DBG| anilist > Fetching manga collection
2025-10-23 21:35:09 |TRC| method=GET status=200 uri=/api/v1/library/collection latency_human="232.869µs"
2025-10-23 21:35:09 |TRC| method=GET status=200 uri=/api/v1/anilist/collection latency_human=1.354894ms
2025-10-23 21:35:09 |TRC| method=GET status=200 uri=/api/v1/library/missing-episodes latency_human="135.4µs"
2025-10-23 21:35:09 |INF| anilist > Successful Request rlr=88 rtt=332ms
2025-10-23 21:35:09 |TRC| ws > Sending message type=refreshed-anilist-manga-collection
2025-10-23 21:35:09 |TRC| method=GET status=200 uri=/api/v1/library/collection latency_human="243.889µs"
2025-10-23 21:35:09 |TRC| method=GET status=200 uri=/api/v1/anilist/collection latency_human=1.514215ms
2025-10-23 21:35:09 |TRC| method=GET status=200 uri=/api/v1/library/missing-episodes latency_human="47.11µs"
2025-10-23 21:45:08 |DBG| anilist > Fetching anime collection
2025-10-23 21:45:08 |TRC| ws > Sending message type=check-for-announcements
2025-10-23 21:45:08 |TRC| method=POST status=200 uri=/api/v1/announcements latency_human="28.04µs"
2025-10-23 21:45:09 |WRN| anilist > Successful Request (slow) rlr=89 rtt=974ms
2025-10-23 21:45:09 |TRC| ws > Sending message type=refreshed-anilist-anime-collection
2025-10-23 21:45:09 |DBG| anilist > Fetching manga collection
2025-10-23 21:45:09 |TRC| method=GET status=200 uri=/api/v1/library/collection latency_human="266.319µs"
2025-10-23 21:45:09 |TRC| method=GET status=200 uri=/api/v1/anilist/collection latency_human=1.807274ms
2025-10-23 21:45:09 |TRC| method=GET status=200 uri=/api/v1/library/missing-episodes latency_human="146.6µs"
2025-10-23 21:45:09 |INF| anilist > Successful Request rlr=88 rtt=353ms
2025-10-23 21:45:09 |TRC| ws > Sending message type=refreshed-anilist-manga-collection
2025-10-23 21:45:09 |TRC| method=GET status=200 uri=/api/v1/library/collection latency_human="222.099µs"
2025-10-23 21:45:09 |TRC| method=GET status=200 uri=/api/v1/anilist/collection latency_human=2.101072ms
2025-10-23 21:45:09 |TRC| method=GET status=200 uri=/api/v1/library/missing-episodes latency_human="25.41µs"
2025-10-23 21:51:33 |TRC| torrent client > Pausing torrents
2025-10-23 21:51:33 |DBG| torrent client > Paused torrents hashes=["6052f4bd893db41967809de20da1375eb1a5cb81"]
2025-10-23 21:51:33 |TRC| method=POST status=200 uri=/api/v1/torrent-client/action latency_human=20.322016ms
2025-10-23 21:51:44 |TRC| Received signal > interrupt
