2025-10-23 21:52:18 |INF| app > Seanime 2.9.10-Natsu
2025-10-23 21:52:18 |INF| app > OS: linux
2025-10-23 21:52:18 |INF| app > Arch: amd64
2025-10-23 21:52:18 |INF| app > Processor count: 16
2025-10-23 21:52:18 |DBG| app > Initializing config
2025-10-23 21:52:18 |INF| app > Data directory: /home/nupi/.config/Seanime
2025-10-23 21:52:18 |INF| app > Working directory: /home/nupi/Seanime
2025-10-23 21:52:18 |INF| db > Database instantiated name=seanime.db
2025-10-23 21:52:18 |DBG| db > Local files retrieved
2025-10-23 21:52:18 |DBG| extensions > Loaded built-in manga provider extension id=comick
2025-10-23 21:52:18 |DBG| extensions > Loaded built-in extension id=comick
2025-10-23 21:52:18 |TRC| ws > Sending message type=extensions-reloaded
2025-10-23 21:52:18 |DBG| extensions > Loaded built-in manga provider extension id=comick-multi
2025-10-23 21:52:18 |DBG| extensions > Loaded built-in extension id=comick-multi
2025-10-23 21:52:18 |TRC| ws > Sending message type=extensions-reloaded
2025-10-23 21:52:18 |DBG| extensions > Loaded built-in manga provider extension id=mangapill
2025-10-23 21:52:18 |DBG| extensions > Loaded built-in extension id=mangapill
2025-10-23 21:52:18 |TRC| ws > Sending message type=extensions-reloaded
2025-10-23 21:52:18 |DBG| extensions > Loaded built-in manga provider extension id=weebcentral
2025-10-23 21:52:18 |DBG| extensions > Loaded built-in extension id=weebcentral
2025-10-23 21:52:18 |TRC| ws > Sending message type=extensions-reloaded
2025-10-23 21:52:18 |DBG| extensions > Loaded built-in manga provider extension id=mangadex
2025-10-23 21:52:18 |DBG| extensions > Loaded built-in extension id=mangadex
2025-10-23 21:52:18 |TRC| ws > Sending message type=extensions-reloaded
2025-10-23 21:52:18 |DBG| extensions > Loaded built-in manga provider extension id=local-manga
2025-10-23 21:52:18 |DBG| extensions > Loaded built-in extension id=local-manga
2025-10-23 21:52:18 |TRC| ws > Sending message type=extensions-reloaded
2025-10-23 21:52:18 |INF| local platform > Database instantiated name=local.db
2025-10-23 21:52:18 |INF| continuity > Initialized manager
2025-10-23 21:52:18 |DBG| manga downloader > Reading download directory
2025-10-23 21:52:18 |TRC| ws > Sending message type=refreshed-manga-download-data
2025-10-23 21:52:18 |TRC| goja runtime > Pre-warming pool size=5
2025-10-23 21:52:18 |DBG| app > Refreshing modules
2025-10-23 21:52:18 |TRC| torrent repo > Setting settings
2025-10-23 21:52:18 |INF| discordrpc > Discord Rich Presence enabled
2025-10-23 21:52:18 |ERR| app > Failed to login to qBittorrent error="Post \"http://127.0.0.1:8080/api/v2/auth/login\": dial tcp 127.0.0.1:8080: connect: connection refused"
2025-10-23 21:52:18 |DBG| extensions > Loaded built-in onlinestream provider extension id=animepahe
2025-10-23 21:52:18 |DBG| extensions > Loaded built-in extension id=animepahe
2025-10-23 21:52:18 |TRC| ws > Sending message type=extensions-reloaded
2025-10-23 21:52:18 |DBG| extensions > Loaded built-in anime torrent provider extension id=nyaa
2025-10-23 21:52:18 |DBG| extensions > Loaded built-in extension id=nyaa
2025-10-23 21:52:18 |TRC| ws > Sending message type=extensions-reloaded
2025-10-23 21:52:18 |DBG| extensions > Loaded built-in anime torrent provider extension id=nyaa-non-eng
2025-10-23 21:52:18 |DBG| extensions > Loaded built-in extension id=nyaa-non-eng
2025-10-23 21:52:18 |TRC| ws > Sending message type=extensions-reloaded
2025-10-23 21:52:18 |DBG| extensions > Loaded built-in anime torrent provider extension id=nyaa-sukebei
2025-10-23 21:52:18 |DBG| extensions > Loaded built-in extension id=nyaa-sukebei
2025-10-23 21:52:18 |TRC| ws > Sending message type=extensions-reloaded
2025-10-23 21:52:18 |DBG| extensions > Loaded built-in anime torrent provider extension id=animetosho
2025-10-23 21:52:18 |DBG| extensions > Loaded built-in extension id=animetosho
2025-10-23 21:52:18 |TRC| ws > Sending message type=extensions-reloaded
2025-10-23 21:52:18 |DBG| extensions > Loaded built-in anime torrent provider extension id=seadex
2025-10-23 21:52:18 |DBG| extensions > Loaded built-in extension id=seadex
2025-10-23 21:52:18 |TRC| ws > Sending message type=extensions-reloaded
2025-10-23 21:52:18 |TRC| extensions > Loading external extensions
2025-10-23 21:52:18 |TRC| extensions > Interrupting Goja VMs
2025-10-23 21:52:18 |DBG| extensions > Killed Goja VMs count=0
2025-10-23 21:52:18 |TRC| extensions > Unloading external extensions
2025-10-23 21:52:18 |DBG| extensions > Unloaded external extensions count=0
2025-10-23 21:52:18 |DBG| extensions > Loaded external extensions
2025-10-23 21:52:18 |TRC| ws > Sending message type=extensions-reloaded
2025-10-23 21:52:18 |TRC| extensions > Checking for updates
2025-10-23 21:52:18 |DBG| extensions > Retrieved update info haveUpdates=0
2025-10-23 21:52:18 |DBG| discordrpc > RPC client initialized and event loop started
2025-10-23 21:52:18 |DBG| nakama > Settings updated isHost=false remoteURL= username=Peer_i8vozt6y
2025-10-23 21:52:18 |INF| app > Refreshed modules
2025-10-23 21:52:18 |INF| watcher > Watching directories: [/home/nupi/Data/Anime Library/]
2025-10-23 21:52:18 |DBG| manga > Initialized provider extension bank
2025-10-23 21:52:18 |DBG| onlinestream > Initialized provider extension bank
2025-10-23 21:52:18 |DBG| torrent repo > Initialized anime provider extension bank
2025-10-23 21:52:18 |DBG| app > Fetching Anilist data
2025-10-23 21:52:18 |INF| watcher > Library size: 56 GiB
2025-10-23 21:52:18 |INF| app > Authenticated to AniList
2025-10-23 21:52:18 |INF| app > Fetched Anilist data
2025-10-23 21:52:18 |DBG| anilist > Fetching anime collection
2025-10-23 21:52:18 |DBG| transcoder > Hardware acceleration: disabled
2025-10-23 21:52:18 |INF| transcoder > Initialized
2025-10-23 21:52:18 |INF| mediastream > Transcoder module initialized
2025-10-23 21:52:18 |INF| mediastream > Module initialized
2025-10-23 21:52:18 |INF| torrentstream > Initialized torrent client on port 43213
2025-10-23 21:52:18 |TRC| torrentstream > Dropping all torrents
2025-10-23 21:52:18 |DBG| torrentstream > Dropped all torrents
2025-10-23 21:52:18 |INF| torrentstream > Module initialized
2025-10-23 21:52:18 |INF| app > Serving embedded web interface
2025-10-23 21:52:18 |INF| app > Web assets path: /home/nupi/.config/Seanime/assets
2025-10-23 21:52:18 |INF| app > Manga downloads path: /home/nupi/.config/Seanime/manga
2025-10-23 21:52:18 |INF| app > Offline assets path: /home/nupi/.config/Seanime/offline/assets
2025-10-23 21:52:18 |INF| app > Server Address: 127.0.0.1:43211
2025-10-23 21:52:18 |INF| app > Seanime started at http://127.0.0.1:43211
2025-10-23 21:52:18 |TRC| ws > Sending message type=check-for-announcements
2025-10-23 21:52:18 |DBG| animetosho > Loaded Sneedex Nyaa IDs count=1460
2025-10-23 21:52:19 |WRN| anilist > Successful Request (slow) rlr=89 rtt=1.163s
2025-10-23 21:52:19 |TRC| ws > Sending message type=refreshed-anilist-anime-collection
2025-10-23 21:52:19 |TRC| ws > Sending message type=server-ready
2025-10-23 21:52:19 |DBG| anilist > Fetching manga collection
2025-10-23 21:52:20 |INF| anilist > Successful Request rlr=88 rtt=332ms
2025-10-23 21:52:20 |TRC| ws > Sending message type=refreshed-anilist-manga-collection
2025-10-23 21:56:30 |DBG| ws > Client connected id=16ad2758-b695-4cbe-ba8c-bea6e220dc2d
2025-10-23 21:56:30 |TRC| method=GET status=200 uri=/api/v1/status latency_human=1.314755ms
2025-10-23 21:56:30 |TRC| method=GET status=200 uri=/api/v1/extensions/list latency_human="287.679µs"
2025-10-23 21:56:30 |TRC| method=GET status=200 uri=/api/v1/extensions/plugin-settings latency_human="257.249µs"
2025-10-23 21:56:30 |TRC| method=GET status=200 uri=/api/v1/extensions/list/development latency_human="13.91µs"
2025-10-23 21:56:30 |TRC| method=GET status=200 uri=/api/v1/extensions/updates latency_human="100.76µs"
2025-10-23 21:56:30 |TRC| method=POST status=200 uri=/api/v1/announcements latency_human="673.278µs"
2025-10-23 21:56:30 |TRC| method=GET status=200 uri=/api/v1/continuity/history latency_human="258.339µs"
2025-10-23 21:56:30 |TRC| method=GET status=200 uri=/api/v1/auto-downloader/items latency_human="154.859µs"
2025-10-23 21:56:30 |TRC| method=GET status=200 uri=/api/v1/library/missing-episodes latency_human=1.035716ms
2025-10-23 21:56:30 |TRC| method=GET status=200 uri=/api/v1/anilist/collection latency_human=2.101982ms
2025-10-23 21:56:30 |TRC| method=GET status=200 uri=/api/v1/library/collection latency_human=3.647066ms
2025-10-23 21:56:30 |TRC| method=GET status=200 uri=/api/v1/continuity/history latency_human="122.689µs"
2025-10-23 21:56:30 |TRC| method=GET status=200 uri=/api/v1/manga/collection latency_human="533.518µs"
2025-10-23 21:56:31 |TRC| anilist > Successful Request rlr=89 rtt=449ms
2025-10-23 21:56:31 |TRC| method=POST status=200 uri=/api/v1/anilist/list-anime latency_human=450.531564ms
2025-10-23 21:56:31 |TRC| method=GET status=200 uri=/api/v1/latest-update latency_human=805.543911ms
2025-10-23 21:56:38 |DBG| scanner > Starting scan
2025-10-23 21:56:38 |DBG| media fetcher > Creating media fetcher enhanced=false
2025-10-23 21:56:38 |TRC| anilist platform > Fetching anime collection with relations
2025-10-23 21:56:38 |DBG| anilist > Fetching anime collection with relations
2025-10-23 21:56:40 |WRN| anilist > Successful Request (slow) rlr=88 rtt=1.495s
2025-10-23 21:56:40 |DBG| media container > Media container created count=265
2025-10-23 21:56:40 |DBG| matcher > Starting matching process
2025-10-23 21:56:40 |DBG| hydrator > Starting metadata hydration
2025-10-23 21:56:40 |TRC| anilist platform > Adding media to collection
2025-10-23 21:56:40 |DBG| anilist > No media added to planning list
2025-10-23 21:56:40 |INF| scanner > Scan completed
2025-10-23 21:56:40 |TRC| method=POST status=200 uri=/api/v1/library/scan latency_human=1.648223875s
2025-10-23 21:56:40 |TRC| method=GET status=200 uri=/api/v1/library/collection latency_human=393.643194ms
2025-10-23 21:56:40 |TRC| method=GET status=200 uri=/api/v1/library/missing-episodes latency_human="18.729µs"
2025-10-23 21:56:40 |TRC| method=GET status=200 uri=/api/v1/auto-downloader/items latency_human="146.51µs"
2025-10-23 21:56:49 |TRC| anilist platform > Fetching anime details
2025-10-23 21:56:49 |DBG| anilist > Fetching anime details mediaId=5114
2025-10-23 21:56:49 |TRC| method=GET status=200 uri=/api/v1/library/anime-entry/5114 latency_human=3.587087ms
2025-10-23 21:56:49 |INF| anilist > Successful Request rlr=87 rtt=500ms
2025-10-23 21:56:49 |TRC| method=GET status=200 uri=/api/v1/anilist/media-details/5114 latency_human=501.763664ms
2025-10-23 21:56:49 |TRC| method=GET status=200 uri=/api/v1/library/anime-entry/silence/5114 latency_human="125.079µs"
2025-10-23 21:56:49 |TRC| method=GET status=200 uri=/api/v1/local/track/5114/anime latency_human="265.189µs"
2025-10-23 21:56:49 |TRC| method=GET status=200 uri=/api/v1/continuity/history latency_human="194.979µs"
2025-10-23 21:56:50 |DBG| media player > Media requested path="/home/nupi/Data/Anime Library/Hagane no Renkinjutsushi FULLMETAL ALCHEMIST/[Erai-raws] Fullmetal Alchemist - Brotherhood - 01 ~ 64 [1080p NF WEB-DL AVC AAC][MultiSub]/[Erai-raws] Fullmetal Alchemist - Brotherhood - 10 [1080p NF WEB-DL AVC AAC][MultiSub][ED39B146].mkv"
2025-10-23 21:56:50 |DBG| continuity > Retrieving watch history item episode=0 isStream=false mediaId=0 path="/home/nupi/Data/Anime Library/Hagane no Renkinjutsushi FULLMETAL ALCHEMIST/[Erai-raws] Fullmetal Alchemist - Brotherhood - 01 ~ 64 [1080p NF WEB-DL AVC AAC][MultiSub]/[Erai-raws] Fullmetal Alchemist - Brotherhood - 10 [1080p NF WEB-DL AVC AAC][MultiSub][ED39B146].mkv"
2025-10-23 21:56:50 |TRC| continuity > Local file found from path
2025-10-23 21:56:50 |TRC| continuity > No watch history item found or episode number does not match item=null
2025-10-23 21:56:50 |TRC| mpv > Launching player with args: []
2025-10-23 21:56:50 |TRC| mpv > Cancelling previous command context
2025-10-23 21:56:50 |DBG| mpv > Starting player
2025-10-23 21:56:50 |TRC| mpv > Command: mpv --input-ipc-server=/tmp/mpv_socket /home/nupi/Data/Anime Library/Hagane no Renkinjutsushi FULLMETAL ALCHEMIST/[Erai-raws] Fullmetal Alchemist - Brotherhood - 01 ~ 64 [1080p NF WEB-DL AVC AAC][MultiSub]/[Erai-raws] Fullmetal Alchemist - Brotherhood - 10 [1080p NF WEB-DL AVC AAC][MultiSub][ED39B146].mkv
2025-10-23 21:56:50 |TRC| mpv cmd > ● Video  --vid=1  --vlang=ja       '[Erai-raws]_NF_AVC' (h264 1920x1080 23.976 fps) [default]
2025-10-23 21:56:50 |TRC| mpv cmd > ● Audio  --aid=1  --alang=ja       'NF_AAC' (aac 2ch 48000 Hz) [default]
2025-10-23 21:56:50 |TRC| mpv cmd > ● Subs   --sid=1  --slang=en       'NF_English' (ass) [default]
2025-10-23 21:56:50 |TRC| mpv cmd > ○ Subs   --sid=2  --slang=pt-BR    'NF_Portuguese(Brazil)' (ass)
2025-10-23 21:56:50 |TRC| mpv cmd > ○ Subs   --sid=3  --slang=es-419   'NF_Spanish(Latin_America)' (ass)
2025-10-23 21:56:50 |TRC| mpv cmd > ○ Subs   --sid=4  --slang=es       'NF_Spanish' (ass)
2025-10-23 21:56:50 |TRC| mpv cmd > ○ Subs   --sid=5  --slang=ar       'NF_Arabic' (ass)
2025-10-23 21:56:50 |TRC| mpv cmd > ○ Subs   --sid=6  --slang=it       'NF_Italian' (ass)
2025-10-23 21:56:50 |TRC| mpv cmd > ○ Subs   --sid=7  --slang=ru       'NF_Russian' (ass)
2025-10-23 21:56:50 |TRC| mpv cmd > ○ Subs   --sid=8  --slang=pt       'NF_Portuguese' (ass)
2025-10-23 21:56:50 |TRC| mpv cmd > ○ Subs   --sid=9  --slang=pl       'NF_Polish' (ass)
2025-10-23 21:56:50 |TRC| mpv cmd > ○ Subs   --sid=10 --slang=nl       'NF_Dutch' (ass)
2025-10-23 21:56:50 |TRC| mpv cmd > ○ Subs   --sid=11 --slang=nb       'NF_Norwegian' (ass)
2025-10-23 21:56:50 |TRC| mpv cmd > ○ Subs   --sid=12 --slang=fi       'NF_Finnish' (ass)
2025-10-23 21:56:50 |TRC| mpv cmd > ○ Subs   --sid=13 --slang=tr       'NF_Turkish' (ass)
2025-10-23 21:56:50 |TRC| mpv cmd > ○ Subs   --sid=14 --slang=sv       'NF_Swedish' (ass)
2025-10-23 21:56:50 |TRC| mpv cmd > ○ Subs   --sid=15 --slang=el       'NF_Greek' (ass)
2025-10-23 21:56:50 |TRC| mpv cmd > ○ Subs   --sid=16 --slang=he       'NF_Hebrew' (ass)
2025-10-23 21:56:50 |TRC| mpv cmd > ○ Subs   --sid=17 --slang=ro       'NF_Romanian' (ass)
2025-10-23 21:56:50 |TRC| mpv cmd > ○ Subs   --sid=18 --slang=id       'NF_Indonesian' (ass)
2025-10-23 21:56:50 |TRC| mpv cmd > ○ Subs   --sid=19 --slang=th       'NF_Thai' (ass)
2025-10-23 21:56:50 |TRC| mpv cmd > ○ Subs   --sid=20 --slang=ko       'NF_Korean' (ass)
2025-10-23 21:56:50 |TRC| mpv cmd > ○ Subs   --sid=21 --slang=da       'NF_Danish' (ass)
2025-10-23 21:56:50 |TRC| mpv cmd > ○ Subs   --sid=22 --slang=zh-Hans  'NF_Chinese(Simplified)' (ass)
2025-10-23 21:56:50 |TRC| mpv cmd > ○ Subs   --sid=23 --slang=zh-Hant  'NF_Chinese(Traditional)' (ass)
2025-10-23 21:56:50 |TRC| mpv cmd > ○ Subs   --sid=24 --slang=vi       'NF_Vietnamese' (ass)
2025-10-23 21:56:50 |TRC| mpv cmd > ○ Subs   --sid=25 --slang=hu       'NF_Hungarian' (ass)
2025-10-23 21:56:50 |TRC| mpv cmd > ○ Subs   --sid=26 --slang=cs       'NF_Czech' (ass)
2025-10-23 21:56:50 |TRC| mpv cmd > ○ Subs   --sid=27 --slang=ms       'NF_Malay' (ass)
2025-10-23 21:56:50 |TRC| mpv cmd > AO: [pipewire] 48000Hz stereo 2ch floatp
2025-10-23 21:56:50 |TRC| mpv cmd > VO: [gpu] 1920x1080 yuv420p
2025-10-23 21:56:51 |DBG| mpv > Player started
2025-10-23 21:56:51 |DBG| mpv > Connection established
2025-10-23 21:56:51 |DBG| mpv > Listening for events
2025-10-23 21:56:51 |TRC| method=POST status=200 uri=/api/v1/playback-manager/play latency_human=1.212160087s
2025-10-23 21:56:54 |DBG| media player > Video started playing newFilename="[Erai-raws] Fullmetal Alchemist - Brotherhood - 10 [1080p NF WEB-DL AVC AAC][MultiSub][ED39B146].mkv" previousFilename=
2025-10-23 21:56:54 |DBG| media player > Playback status currentPlaybackStatus={"completionPercentage":0.0025258401888936526,"currentTimeInSeconds":3.712,"duration":1469,"durationInSeconds":1469.61,"filename":"[Erai-raws] Fullmetal Alchemist - Brotherhood - 10 [1080p NF WEB-DL AVC AAC][MultiSub][ED39B146].mkv","filepath":"/home/nupi/Data/Anime Library/Hagane no Renkinjutsushi FULLMETAL ALCHEMIST/[Erai-raws] Fullmetal Alchemist - Brotherhood - 01 ~ 64 [1080p NF WEB-DL AVC AAC][MultiSub]/[Erai-raws] Fullmetal Alchemist - Brotherhood - 10 [1080p NF WEB-DL AVC AAC][MultiSub][ED39B146].mkv","path":"","playbackType":"file","playing":true}
2025-10-23 21:56:54 |DBG| playback manager > Tracking started, extracting metadata...
2025-10-23 21:56:54 |DBG| playback manager > Getting local file playback details path="/home/nupi/data/anime library/hagane no renkinjutsushi fullmetal alchemist/[erai-raws] fullmetal alchemist - brotherhood - 01 ~ 64 [1080p nf web-dl avc aac][multisub]/[erai-raws] fullmetal alchemist - brotherhood - 10 [1080p nf web-dl avc aac][multisub][ed39b146].mkv"
2025-10-23 21:56:54 |DBG| playback manager > Local file found by path
2025-10-23 21:56:54 |DBG| playback manager > Playback started episode=10 media="Hagane no Renkinjutsushi: FULLMETAL ALCHEMIST"
2025-10-23 21:56:54 |TRC| method=GET status=200 uri=/api/v1/library/anime-entry/5114 latency_human=1.422854ms
2025-10-23 21:56:55 |TRC| mpv cmd > Track switched:
2025-10-23 21:56:55 |TRC| mpv cmd > ● Video  --vid=1  --vlang=ja       '[Erai-raws]_NF_AVC' (h264 [Main] 1920x1080 23.976 fps) [default]
2025-10-23 21:56:55 |TRC| mpv cmd > ● Audio  --aid=1  --alang=ja       'NF_AAC' (aac [LC] 2ch 48000 Hz) [default]
2025-10-23 21:56:55 |TRC| mpv cmd > ○ Subs   --sid=1  --slang=en       'NF_English' (ass) [default]
2025-10-23 21:56:55 |TRC| mpv cmd > ● Subs   --sid=2  --slang=pt-BR    'NF_Portuguese(Brazil)' (ass)
2025-10-23 21:56:55 |TRC| mpv cmd > ○ Subs   --sid=3  --slang=es-419   'NF_Spanish(Latin_America)' (ass)
2025-10-23 21:56:55 |TRC| mpv cmd > ○ Subs   --sid=4  --slang=es       'NF_Spanish' (ass)
2025-10-23 21:56:55 |TRC| mpv cmd > ○ Subs   --sid=5  --slang=ar       'NF_Arabic' (ass)
2025-10-23 21:56:55 |TRC| mpv cmd > ○ Subs   --sid=6  --slang=it       'NF_Italian' (ass)
2025-10-23 21:56:55 |TRC| mpv cmd > ○ Subs   --sid=7  --slang=ru       'NF_Russian' (ass)
2025-10-23 21:56:55 |TRC| mpv cmd > ○ Subs   --sid=8  --slang=pt       'NF_Portuguese' (ass)
2025-10-23 21:56:55 |TRC| mpv cmd > ○ Subs   --sid=9  --slang=pl       'NF_Polish' (ass)
2025-10-23 21:56:55 |TRC| mpv cmd > ○ Subs   --sid=10 --slang=nl       'NF_Dutch' (ass)
2025-10-23 21:56:55 |TRC| mpv cmd > ○ Subs   --sid=11 --slang=nb       'NF_Norwegian' (ass)
2025-10-23 21:56:55 |TRC| mpv cmd > ○ Subs   --sid=12 --slang=fi       'NF_Finnish' (ass)
2025-10-23 21:56:55 |TRC| mpv cmd > ○ Subs   --sid=13 --slang=tr       'NF_Turkish' (ass)
2025-10-23 21:56:55 |TRC| mpv cmd > ○ Subs   --sid=14 --slang=sv       'NF_Swedish' (ass)
2025-10-23 21:56:55 |TRC| mpv cmd > ○ Subs   --sid=15 --slang=el       'NF_Greek' (ass)
2025-10-23 21:56:55 |TRC| mpv cmd > ○ Subs   --sid=16 --slang=he       'NF_Hebrew' (ass)
2025-10-23 21:56:55 |TRC| mpv cmd > ○ Subs   --sid=17 --slang=ro       'NF_Romanian' (ass)
2025-10-23 21:56:55 |TRC| mpv cmd > ○ Subs   --sid=18 --slang=id       'NF_Indonesian' (ass)
2025-10-23 21:56:55 |TRC| mpv cmd > ○ Subs   --sid=19 --slang=th       'NF_Thai' (ass)
2025-10-23 21:56:55 |TRC| mpv cmd > ○ Subs   --sid=20 --slang=ko       'NF_Korean' (ass)
2025-10-23 21:56:55 |TRC| mpv cmd > ○ Subs   --sid=21 --slang=da       'NF_Danish' (ass)
2025-10-23 21:56:55 |TRC| mpv cmd > ○ Subs   --sid=22 --slang=zh-Hans  'NF_Chinese(Simplified)' (ass)
2025-10-23 21:56:55 |TRC| mpv cmd > ○ Subs   --sid=23 --slang=zh-Hant  'NF_Chinese(Traditional)' (ass)
2025-10-23 21:56:55 |TRC| mpv cmd > ○ Subs   --sid=24 --slang=vi       'NF_Vietnamese' (ass)
2025-10-23 21:56:55 |TRC| mpv cmd > ○ Subs   --sid=25 --slang=hu       'NF_Hungarian' (ass)
2025-10-23 21:56:55 |TRC| mpv cmd > ○ Subs   --sid=26 --slang=cs       'NF_Czech' (ass)
2025-10-23 21:56:55 |TRC| mpv cmd > ○ Subs   --sid=27 --slang=ms       'NF_Malay' (ass)
2025-10-23 21:56:59 |TRC| mpv cmd > Track switched:
2025-10-23 21:56:59 |TRC| mpv cmd > ● Video  --vid=1  --vlang=ja       '[Erai-raws]_NF_AVC' (h264 [Main] 1920x1080 23.976 fps) [default]
2025-10-23 21:56:59 |TRC| mpv cmd > ● Audio  --aid=1  --alang=ja       'NF_AAC' (aac [LC] 2ch 48000 Hz) [default]
2025-10-23 21:56:59 |TRC| mpv cmd > ○ Subs   --sid=1  --slang=en       'NF_English' (ass) [default]
2025-10-23 21:56:59 |TRC| mpv cmd > ○ Subs   --sid=2  --slang=pt-BR    'NF_Portuguese(Brazil)' (ass)
2025-10-23 21:56:59 |TRC| mpv cmd > ○ Subs   --sid=3  --slang=es-419   'NF_Spanish(Latin_America)' (ass)
2025-10-23 21:56:59 |TRC| mpv cmd > ● Subs   --sid=4  --slang=es       'NF_Spanish' (ass)
2025-10-23 21:56:59 |TRC| mpv cmd > ○ Subs   --sid=5  --slang=ar       'NF_Arabic' (ass)
2025-10-23 21:56:59 |TRC| mpv cmd > ○ Subs   --sid=6  --slang=it       'NF_Italian' (ass)
2025-10-23 21:56:59 |TRC| mpv cmd > ○ Subs   --sid=7  --slang=ru       'NF_Russian' (ass)
2025-10-23 21:56:59 |TRC| mpv cmd > ○ Subs   --sid=8  --slang=pt       'NF_Portuguese' (ass)
2025-10-23 21:56:59 |TRC| mpv cmd > ○ Subs   --sid=9  --slang=pl       'NF_Polish' (ass)
2025-10-23 21:56:59 |TRC| mpv cmd > ○ Subs   --sid=10 --slang=nl       'NF_Dutch' (ass)
2025-10-23 21:56:59 |TRC| mpv cmd > ○ Subs   --sid=11 --slang=nb       'NF_Norwegian' (ass)
2025-10-23 21:56:59 |TRC| mpv cmd > ○ Subs   --sid=12 --slang=fi       'NF_Finnish' (ass)
2025-10-23 21:56:59 |TRC| mpv cmd > ○ Subs   --sid=13 --slang=tr       'NF_Turkish' (ass)
2025-10-23 21:56:59 |TRC| mpv cmd > ○ Subs   --sid=14 --slang=sv       'NF_Swedish' (ass)
2025-10-23 21:56:59 |TRC| mpv cmd > ○ Subs   --sid=15 --slang=el       'NF_Greek' (ass)
2025-10-23 21:56:59 |TRC| mpv cmd > ○ Subs   --sid=16 --slang=he       'NF_Hebrew' (ass)
2025-10-23 21:56:59 |TRC| mpv cmd > ○ Subs   --sid=17 --slang=ro       'NF_Romanian' (ass)
2025-10-23 21:56:59 |TRC| mpv cmd > ○ Subs   --sid=18 --slang=id       'NF_Indonesian' (ass)
2025-10-23 21:56:59 |TRC| mpv cmd > ○ Subs   --sid=19 --slang=th       'NF_Thai' (ass)
2025-10-23 21:56:59 |TRC| mpv cmd > ○ Subs   --sid=20 --slang=ko       'NF_Korean' (ass)
2025-10-23 21:56:59 |TRC| mpv cmd > ○ Subs   --sid=21 --slang=da       'NF_Danish' (ass)
2025-10-23 21:56:59 |TRC| mpv cmd > ○ Subs   --sid=22 --slang=zh-Hans  'NF_Chinese(Simplified)' (ass)
2025-10-23 21:56:59 |TRC| mpv cmd > ○ Subs   --sid=23 --slang=zh-Hant  'NF_Chinese(Traditional)' (ass)
2025-10-23 21:56:59 |TRC| mpv cmd > ○ Subs   --sid=24 --slang=vi       'NF_Vietnamese' (ass)
2025-10-23 21:56:59 |TRC| mpv cmd > ○ Subs   --sid=25 --slang=hu       'NF_Hungarian' (ass)
2025-10-23 21:56:59 |TRC| mpv cmd > ○ Subs   --sid=26 --slang=cs       'NF_Czech' (ass)
2025-10-23 21:56:59 |TRC| mpv cmd > ○ Subs   --sid=27 --slang=ms       'NF_Malay' (ass)
2025-10-23 21:57:04 |TRC| mpv cmd > Exiting... (Quit)
2025-10-23 21:57:04 |DBG| mpv > Connection has been closed
2025-10-23 21:57:04 |DBG| mpv > Closing socket connection
2025-10-23 21:57:04 |TRC| mpv > Terminating
2025-10-23 21:57:04 |TRC| mpv > Resetting playback status
2025-10-23 21:57:04 |TRC| mpv > Terminated
2025-10-23 21:57:04 |DBG| mpv > Instance closed
2025-10-23 21:57:04 |DBG| mpv > Context cancelled
2025-10-23 21:57:04 |WRN| mpv > Player has exited error="signal: killed"
2025-10-23 21:57:05 |ERR| media player > Failed to get player status, retrying (1/5)
2025-10-23 21:57:06 |ERR| media player > Failed to get player status, retrying (2/5)
2025-10-23 21:57:06 |DBG| media player > Connection lost
2025-10-23 21:57:06 |DBG| playback manager > Received tracking stopped event
2025-10-23 21:57:06 |DBG| discordrpc > Event loop stopped
2025-10-23 21:57:06 |TRC| method=GET status=200 uri=/api/v1/continuity/history latency_human="164.949µs"
